# Conditions read from  CMS_CONDITIONS  via FrontierProd 
Adding groomed genjets  ca15GenJetsFiltered
Adding ungroomed genjets  ca15GenJets
Adding ungroomed patJetsCa15CHSJets
adding grommed jets patJetsCa15CHSJetsFiltered
adding grommed jets' subjets patJetsCa15CHSJetsFilteredSubjets
adding grommed jets patJetsHepTopTagCHS
adding grommed jets' subjets patJetsHepTopTagCHSSubjets
Adding groomed genjets  ak8GenJetsSoftDrop
Adding ungroomed genjets  ak8GenJets
Adding ungroomed patJetsAk8CHSJets
adding grommed jets patJetsAk8CHSJetsSoftDrop
adding grommed jets' subjets patJetsAk8CHSJetsSoftDropSubjets
Adding groomed genjets  ca15GenJetsSoftDrop
Adding ungroomed genjets  ca15GenJets
adding grommed jets patJetsCa15CHSJetsSoftDrop
adding grommed jets' subjets patJetsCa15CHSJetsSoftDropSubjets
Adding groomed genjets  ca15GenJetsSoftDrop
Adding ungroomed genjets  ca15GenJets
Adding ungroomed patJetsCa15PuppiJets
adding grommed jets patJetsCa15PuppiJetsSoftDrop
adding grommed jets' subjets patJetsCa15PuppiJetsSoftDropSubjets
Adding groomed genjets  ak8GenJetsSoftDrop
Adding ungroomed genjets  ak8GenJetsFat
Adding ungroomed patJetsAk8PuppiJetsFat
adding grommed jets patJetsAk8PuppiJetsSoftDrop
adding grommed jets' subjets patJetsAk8PuppiJetsSoftDropSubjets
Adding groomed genjets  ak8GenJetsPruned
Adding ungroomed genjets  ak8GenJets
adding grommed jets patJetsAk8CHSJetsPruned
adding grommed jets' subjets patJetsAk8CHSJetsPrunedSubjets
Adding groomed genjets  ca15GenJetsPruned
Adding ungroomed genjets  ca15GenJets
adding grommed jets patJetsCa15CHSJetsPruned
adding grommed jets' subjets patJetsCa15CHSJetsPrunedSubjets
adding grommed jets patJetsHepTopTagPuppi
adding grommed jets' subjets patJetsHepTopTagPuppiSubjets
Switching PV collection for PF2PAT: cms.InputTag("offlineSlimmedPrimaryVertices")
***********************************
DEBUG 2017-05-12 12:15:58,468: 	 Executing command: 'submit'
DEBUG 2017-05-12 12:15:58,469: 	 Found CRAB cache file /afs/desy.de/user/z/zoiirene/.crab3
DEBUG 2017-05-12 12:15:58,474: 	 Checking credentials
DEBUG 2017-05-12 12:15:58,474: 	 Found proxy file /tmp/x509up_u28517
DEBUG 2017-05-12 12:15:58,474: 	 Getting proxy life time left
DEBUG 2017-05-12 12:15:58,977: 	 Executing : 
 command : voms-proxy-info -file /tmp/x509up_u28517 -timeleft
 output : 41626

 error: 
 retcode : 0
DEBUG 2017-05-12 12:15:59,380: 	 Executing : 
 command : voms-proxy-info -file /tmp/x509up_u28517 -actimeleft
 output : 41625

 error: 
 retcode : 0
DEBUG 2017-05-12 12:15:59,381: 	 Proxy valid for 11:33:46 hours
INFO 2017-05-12 12:15:59,381: 	 Will use CRAB configuration file crab_ntupleRationToWW.py
DEBUG 2017-05-12 12:15:59,381: 	 Loading CRAB configuration file.
DEBUG 2017-05-12 12:16:01,447: 	 Will use CRAB Analysis plugin (i.e. will run an analysis job type).
DEBUG 2017-05-12 12:16:01,559: 	 Executing : 
 command : openssl x509 -in ~/.globus/usercert.pem -subject -noout
 output : subject= /C=DE/O=GermanGrid/OU=uni-hamburg/CN=Zoi Irene

 error: 
 retcode : 0
DEBUG 2017-05-12 12:16:01,559: 	 Checking credentials
DEBUG 2017-05-12 12:16:01,559: 	 Found proxy file /tmp/x509up_u28517
DEBUG 2017-05-12 12:16:01,559: 	 Getting proxy life time left
DEBUG 2017-05-12 12:16:01,962: 	 Executing : 
 command : voms-proxy-info -file /tmp/x509up_u28517 -timeleft
 output : 41623

 error: 
 retcode : 0
DEBUG 2017-05-12 12:16:02,365: 	 Executing : 
 command : voms-proxy-info -file /tmp/x509up_u28517 -actimeleft
 output : 41622

 error: 
 retcode : 0
DEBUG 2017-05-12 12:16:02,366: 	 Proxy valid for 11:33:43 hours
DEBUG 2017-05-12 12:16:02,769: 	 Executing : 
 command : env X509_USER_PROXY=/tmp/x509up_u28517 voms-proxy-info -fqan
 output : /cms/Role=NULL/Capability=NULL
/cms/dcms/Role=NULL/Capability=NULL

 error: 
 retcode : 0
DEBUG 2017-05-12 12:16:03,211: 	 Registering user credentials for server /DC=ch/DC=cern/OU=computers/CN=vocms(045|052|021|031|0118|0118a|0119|0108|0105|0109).cern.ch
DEBUG 2017-05-12 12:16:03,318: 	 Executing : 
 command : openssl x509 -in ~/.globus/usercert.pem -subject -noout
 output : subject= /C=DE/O=GermanGrid/OU=uni-hamburg/CN=Zoi Irene

 error: 
 retcode : 0
DEBUG 2017-05-12 12:16:03,318: 	 Getting myproxy life time left for myproxy.cern.ch
DEBUG 2017-05-12 12:16:03,318: 	 Calculating hash of /C=DE/O=GermanGrid/OU=uni-hamburg/CN=Zoi Irene_cmsweb.cern.ch for credential name
DEBUG 2017-05-12 12:16:03,721: 	 Executing : 
 command : myproxy-info -l 3cd82fca48badc692f8513e62d67e79566e4e718 -s myproxy.cern.ch
 output : username: 3cd82fca48badc692f8513e62d67e79566e4e718
owner: /C=DE/O=GermanGrid/OU=uni-hamburg/CN=Zoi Irene
  renewal policy: /DC=ch/DC=cern/OU=computers/CN=vocms(045|052|021|031|0118|0118a|0119|0108|0105|0109).cern.ch
  trusted retrieval policy: /DC=ch/DC=cern/OU=computers/CN=vocms(045|052|021|031|0118|0118a|0119|0108|0105|0109).cern.ch
  timeleft: 626:08:00  (26.1 days)

 error: 
 retcode : 0
DEBUG 2017-05-12 12:16:03,722: 	 Myproxy is valid: 2254080
DEBUG 2017-05-12 12:16:03,722: 	 Command use: submit
DEBUG 2017-05-12 12:16:03,722: 	 Options use: ['-c', 'crab_ntupleRationToWW.py']
DEBUG 2017-05-12 12:16:04,233: 	 CRABClient version: 3.3.1705.patch3
DEBUG 2017-05-12 12:16:04,233: 	 Instance is prod
DEBUG 2017-05-12 12:16:04,233: 	 Server base url is cmsweb.cern.ch
DEBUG 2017-05-12 12:16:04,233: 	 Command url /crabserver/prod/workflow
DEBUG 2017-05-12 12:16:04,233: 	 Started submission
DEBUG 2017-05-12 12:16:04,233: 	 Working on /nfs/dust/cms/user/zoiirene/CMSSW_8_0_24_patch1/src/UHH2/scripts/crab/crab_ntupleRadionToWW/crab_VBF_RadionToWW_narrow_M-2000_13TeV-madgraph_new
DEBUG 2017-05-12 12:16:04,706: 	 Loading required information from the environment
DEBUG 2017-05-12 12:16:04,706: 	 Found CMSSW_8_0_24_patch1 for slc6_amd64_gcc530 with base /nfs/dust/cms/user/zoiirene/CMSSW_8_0_24_patch1
DEBUG 2017-05-12 12:16:04,706: 	 Loading required information from the environment
DEBUG 2017-05-12 12:16:04,706: 	 Found CMSSW_8_0_24_patch1 for slc6_amd64_gcc530 with base /nfs/dust/cms/user/zoiirene/CMSSW_8_0_24_patch1
DEBUG 2017-05-12 12:16:04,719: 	 UNIQUE NAME: tarUUID 95211cfd-308a-4dd6-8dfe-8c1ef93df4e1 
DEBUG 2017-05-12 12:16:04,720: 	 self.config: from WMCore.Configuration import Configuration
config = Configuration()
config.section_('General')
config.General.transferLogs = True
config.General.transferOutputs = True
config.General.workArea = 'crab_ntupleRadionToWW'
config.General.requestName = 'VBF_RadionToWW_narrow_M-2000_13TeV-madgraph_new'
config.section_('JobType')
config.JobType.psetName = '/nfs/dust/cms/user/zoiirene/CMSSW_8_0_24_patch1/src/UHH2/core/python/ntuplewriter.py'
config.JobType.pluginName = 'Analysis'
config.JobType.outputFiles = ['Ntuple.root']
config.JobType.maxMemoryMB = 2500
config.JobType.sendExternalFolder = True
config.section_('Data')
config.Data.inputDataset = '/VBF_RadionToWW_narrow_M-2000_13TeV-madgraph/RunIISummer16MiniAODv2-PUMoriond17_80X_mcRun2_asymptotic_2016_TrancheIV_v6-v1/MINIAODSIM'
config.Data.publication = False
config.Data.unitsPerJob = 7500
config.Data.inputDBS = 'global'
config.Data.splitting = 'EventAwareLumiBased'
config.Data.outLFNDirBase = '/store/user/izoi/RunII_80X_v3/'
config.section_('Site')
config.Site.storageSite = 'T2_DE_DESY'
config.section_('User')
config.section_('Debug')

DEBUG 2017-05-12 12:16:04,720: 	 self.config.JobType.psetName: /nfs/dust/cms/user/zoiirene/CMSSW_8_0_24_patch1/src/UHH2/core/python/ntuplewriter.py
INFO 2017-05-12 12:16:04,721: 	 Importing CMSSW configuration /nfs/dust/cms/user/zoiirene/CMSSW_8_0_24_patch1/src/UHH2/core/python/ntuplewriter.py
INFO 2017-05-12 12:16:08,433: 	 Finished importing CMSSW configuration /nfs/dust/cms/user/zoiirene/CMSSW_8_0_24_patch1/src/UHH2/core/python/ntuplewriter.py
DEBUG 2017-05-12 12:16:08,433: 	 Writing CMSSW configuration to /nfs/dust/cms/user/zoiirene/CMSSW_8_0_24_patch1/src/UHH2/scripts/crab/crab_ntupleRadionToWW/crab_VBF_RadionToWW_narrow_M-2000_13TeV-madgraph_new/inputs/PSet.py
DEBUG 2017-05-12 12:16:10,095: 	 The following EDM output files will be collected: []
DEBUG 2017-05-12 12:16:10,095: 	 The following TFile output files will be collected: []
DEBUG 2017-05-12 12:16:10,095: 	 The following user output files will be collected: ['Ntuple.root']
DEBUG 2017-05-12 12:16:10,095: 	 Loading required information from the environment
DEBUG 2017-05-12 12:16:10,096: 	 Found CMSSW_8_0_24_patch1 for slc6_amd64_gcc530 with base /nfs/dust/cms/user/zoiirene/CMSSW_8_0_24_patch1
DEBUG 2017-05-12 12:16:10,096: 	 Making tarball in /nfs/dust/cms/user/zoiirene/CMSSW_8_0_24_patch1/src/UHH2/scripts/crab/crab_ntupleRadionToWW/crab_VBF_RadionToWW_narrow_M-2000_13TeV-madgraph_new/inputs/95211cfd-308a-4dd6-8dfe-8c1ef93df4e1default.tgz
DEBUG 2017-05-12 12:16:10,141: 	 Checking directory /nfs/dust/cms/user/zoiirene/CMSSW_8_0_24_patch1/lib
DEBUG 2017-05-12 12:16:10,141: 	 Adding directory /nfs/dust/cms/user/zoiirene/CMSSW_8_0_24_patch1/lib to tarball
DEBUG 2017-05-12 12:16:23,829: 	 Checking directory /nfs/dust/cms/user/zoiirene/CMSSW_8_0_24_patch1/biglib
DEBUG 2017-05-12 12:16:23,829: 	 Adding directory /nfs/dust/cms/user/zoiirene/CMSSW_8_0_24_patch1/biglib to tarball
DEBUG 2017-05-12 12:16:23,831: 	 Checking directory /nfs/dust/cms/user/zoiirene/CMSSW_8_0_24_patch1/module
DEBUG 2017-05-12 12:16:23,831: 	 Checking directory /nfs/dust/cms/user/zoiirene/CMSSW_8_0_24_patch1/external
DEBUG 2017-05-12 12:16:23,831: 	 Adding directory /nfs/dust/cms/user/zoiirene/CMSSW_8_0_24_patch1/external to tarball
DEBUG 2017-05-12 12:16:59,641: 	 Adding data directory /nfs/dust/cms/user/zoiirene/CMSSW_8_0_24_patch1/src/CalibMuon/DTCalibration/data to tarball
DEBUG 2017-05-12 12:16:59,663: 	 Adding data directory /nfs/dust/cms/user/zoiirene/CMSSW_8_0_24_patch1/src/CalibMuon/DTCalibration/interface to tarball
DEBUG 2017-05-12 12:16:59,772: 	 Adding data directory /nfs/dust/cms/user/zoiirene/CMSSW_8_0_24_patch1/src/DQMOffline/JetMET/interface to tarball
DEBUG 2017-05-12 12:16:59,994: 	 Adding data directory /nfs/dust/cms/user/zoiirene/CMSSW_8_0_24_patch1/src/RecoEgamma/PhotonIdentification/data to tarball
DEBUG 2017-05-12 12:17:00,011: 	 Adding data directory /nfs/dust/cms/user/zoiirene/CMSSW_8_0_24_patch1/src/RecoEgamma/PhotonIdentification/interface to tarball
DEBUG 2017-05-12 12:17:00,075: 	 Adding data directory /nfs/dust/cms/user/zoiirene/CMSSW_8_0_24_patch1/src/RecoEgamma/EgammaTools/data to tarball
DEBUG 2017-05-12 12:17:00,134: 	 Adding data directory /nfs/dust/cms/user/zoiirene/CMSSW_8_0_24_patch1/src/RecoEgamma/EgammaTools/interface to tarball
DEBUG 2017-05-12 12:17:00,252: 	 Adding data directory /nfs/dust/cms/user/zoiirene/CMSSW_8_0_24_patch1/src/RecoEgamma/ElectronIdentification/data to tarball
DEBUG 2017-05-12 12:17:00,272: 	 Adding data directory /nfs/dust/cms/user/zoiirene/CMSSW_8_0_24_patch1/src/RecoEgamma/ElectronIdentification/interface to tarball
DEBUG 2017-05-12 12:17:00,394: 	 Adding data directory /nfs/dust/cms/user/zoiirene/CMSSW_8_0_24_patch1/src/RecoBTag/Records/interface to tarball
DEBUG 2017-05-12 12:17:00,404: 	 Adding data directory /nfs/dust/cms/user/zoiirene/CMSSW_8_0_24_patch1/src/RecoBTag/BTagTools/interface to tarball
DEBUG 2017-05-12 12:17:00,433: 	 Adding data directory /nfs/dust/cms/user/zoiirene/CMSSW_8_0_24_patch1/src/RecoBTag/SecondaryVertex/interface to tarball
DEBUG 2017-05-12 12:17:00,499: 	 Adding data directory /nfs/dust/cms/user/zoiirene/CMSSW_8_0_24_patch1/src/RecoBTag/ImpactParameter/interface to tarball
DEBUG 2017-05-12 12:17:00,580: 	 Adding data directory /nfs/dust/cms/user/zoiirene/CMSSW_8_0_24_patch1/src/RecoBTag/Combined/interface to tarball
DEBUG 2017-05-12 12:17:00,597: 	 Adding data directory /nfs/dust/cms/user/zoiirene/CMSSW_8_0_24_patch1/src/RecoBTag/CTagging/interface to tarball
DEBUG 2017-05-12 12:17:00,621: 	 Adding data directory /nfs/dust/cms/user/zoiirene/CMSSW_8_0_24_patch1/src/RecoBTag/SoftLepton/interface to tarball
DEBUG 2017-05-12 12:17:00,659: 	 Adding data directory /nfs/dust/cms/user/zoiirene/CMSSW_8_0_24_patch1/src/RecoBTag/Skimming/interface to tarball
DEBUG 2017-05-12 12:17:00,715: 	 Adding data directory /nfs/dust/cms/user/zoiirene/CMSSW_8_0_24_patch1/src/RecoBTag/PerformanceDB/interface to tarball
DEBUG 2017-05-12 12:17:00,758: 	 Adding data directory /nfs/dust/cms/user/zoiirene/CMSSW_8_0_24_patch1/src/RecoBTag/TrackProbability/interface to tarball
DEBUG 2017-05-12 12:17:00,777: 	 Adding data directory /nfs/dust/cms/user/zoiirene/CMSSW_8_0_24_patch1/src/RecoBTag/XMLCalibration/interface to tarball
DEBUG 2017-05-12 12:17:00,810: 	 Adding data directory /nfs/dust/cms/user/zoiirene/CMSSW_8_0_24_patch1/src/RecoMET/METFilters/data to tarball
DEBUG 2017-05-12 12:17:00,817: 	 Adding data directory /nfs/dust/cms/user/zoiirene/CMSSW_8_0_24_patch1/src/RecoMET/METFilters/interface to tarball
DEBUG 2017-05-12 12:17:00,863: 	 Adding data directory /nfs/dust/cms/user/zoiirene/CMSSW_8_0_24_patch1/src/DataFormats/JetReco/interface to tarball
DEBUG 2017-05-12 12:17:01,020: 	 Adding data directory /nfs/dust/cms/user/zoiirene/CMSSW_8_0_24_patch1/src/RecoJets/JetProducers/data to tarball
DEBUG 2017-05-12 12:17:01,028: 	 Adding data directory /nfs/dust/cms/user/zoiirene/CMSSW_8_0_24_patch1/src/RecoJets/JetProducers/interface to tarball
DEBUG 2017-05-12 12:17:01,136: 	 Adding data directory /nfs/dust/cms/user/zoiirene/CMSSW_8_0_24_patch1/src/RecoJets/JetAlgorithms/interface to tarball
DEBUG 2017-05-12 12:17:01,421: 	 Adding data directory /nfs/dust/cms/user/zoiirene/CMSSW_8_0_24_patch1/src/PhysicsTools/IsolationUtils/interface to tarball
DEBUG 2017-05-12 12:17:01,449: 	 Adding data directory /nfs/dust/cms/user/zoiirene/CMSSW_8_0_24_patch1/src/PhysicsTools/ParallelAnalysis/interface to tarball
DEBUG 2017-05-12 12:17:01,470: 	 Adding data directory /nfs/dust/cms/user/zoiirene/CMSSW_8_0_24_patch1/src/PhysicsTools/CandUtils/interface to tarball
DEBUG 2017-05-12 12:17:01,612: 	 Adding data directory /nfs/dust/cms/user/zoiirene/CMSSW_8_0_24_patch1/src/PhysicsTools/CondLiteIO/interface to tarball
DEBUG 2017-05-12 12:17:01,636: 	 Adding data directory /nfs/dust/cms/user/zoiirene/CMSSW_8_0_24_patch1/src/PhysicsTools/JetMCAlgos/interface to tarball
DEBUG 2017-05-12 12:17:01,667: 	 Adding data directory /nfs/dust/cms/user/zoiirene/CMSSW_8_0_24_patch1/src/PhysicsTools/JetCharge/interface to tarball
DEBUG 2017-05-12 12:17:01,692: 	 Adding data directory /nfs/dust/cms/user/zoiirene/CMSSW_8_0_24_patch1/src/PhysicsTools/RecoAlgos/interface to tarball
DEBUG 2017-05-12 12:17:01,728: 	 Adding data directory /nfs/dust/cms/user/zoiirene/CMSSW_8_0_24_patch1/src/PhysicsTools/MVAComputer/interface to tarball
DEBUG 2017-05-12 12:17:01,949: 	 Adding data directory /nfs/dust/cms/user/zoiirene/CMSSW_8_0_24_patch1/src/PhysicsTools/PatAlgos/interface to tarball
DEBUG 2017-05-12 12:17:02,140: 	 Adding data directory /nfs/dust/cms/user/zoiirene/CMSSW_8_0_24_patch1/src/PhysicsTools/RecoUtils/interface to tarball
DEBUG 2017-05-12 12:17:02,163: 	 Adding data directory /nfs/dust/cms/user/zoiirene/CMSSW_8_0_24_patch1/src/PhysicsTools/KinFitter/interface to tarball
DEBUG 2017-05-12 12:17:02,239: 	 Adding data directory /nfs/dust/cms/user/zoiirene/CMSSW_8_0_24_patch1/src/PhysicsTools/MVATrainer/data to tarball
DEBUG 2017-05-12 12:17:02,248: 	 Adding data directory /nfs/dust/cms/user/zoiirene/CMSSW_8_0_24_patch1/src/PhysicsTools/MVATrainer/interface to tarball
DEBUG 2017-05-12 12:17:02,334: 	 Adding data directory /nfs/dust/cms/user/zoiirene/CMSSW_8_0_24_patch1/src/PhysicsTools/PatExamples/interface to tarball
DEBUG 2017-05-12 12:17:02,376: 	 Adding data directory /nfs/dust/cms/user/zoiirene/CMSSW_8_0_24_patch1/src/PhysicsTools/Heppy/data to tarball
DEBUG 2017-05-12 12:17:02,765: 	 Adding data directory /nfs/dust/cms/user/zoiirene/CMSSW_8_0_24_patch1/src/PhysicsTools/Heppy/interface to tarball
DEBUG 2017-05-12 12:17:02,944: 	 Adding data directory /nfs/dust/cms/user/zoiirene/CMSSW_8_0_24_patch1/src/PhysicsTools/PatUtils/data to tarball
DEBUG 2017-05-12 12:17:03,386: 	 Adding data directory /nfs/dust/cms/user/zoiirene/CMSSW_8_0_24_patch1/src/PhysicsTools/PatUtils/interface to tarball
DEBUG 2017-05-12 12:17:03,702: 	 Adding data directory /nfs/dust/cms/user/zoiirene/CMSSW_8_0_24_patch1/src/PhysicsTools/SelectorUtils/interface to tarball
DEBUG 2017-05-12 12:17:04,004: 	 Adding data directory /nfs/dust/cms/user/zoiirene/CMSSW_8_0_24_patch1/src/PhysicsTools/UtilAlgos/interface to tarball
DEBUG 2017-05-12 12:17:04,307: 	 Adding data directory /nfs/dust/cms/user/zoiirene/CMSSW_8_0_24_patch1/src/PhysicsTools/Utilities/interface to tarball
DEBUG 2017-05-12 12:17:04,714: 	 Adding data directory /nfs/dust/cms/user/zoiirene/CMSSW_8_0_24_patch1/src/PhysicsTools/IsolationAlgos/interface to tarball
DEBUG 2017-05-12 12:17:04,786: 	 Adding data directory /nfs/dust/cms/user/zoiirene/CMSSW_8_0_24_patch1/src/PhysicsTools/FWLite/interface to tarball
DEBUG 2017-05-12 12:17:04,898: 	 Adding data directory /nfs/dust/cms/user/zoiirene/CMSSW_8_0_24_patch1/src/PhysicsTools/HepMCCandAlgos/data to tarball
DEBUG 2017-05-12 12:17:05,080: 	 Adding data directory /nfs/dust/cms/user/zoiirene/CMSSW_8_0_24_patch1/src/PhysicsTools/HepMCCandAlgos/interface to tarball
DEBUG 2017-05-12 12:17:05,171: 	 Adding data directory /nfs/dust/cms/user/zoiirene/CMSSW_8_0_24_patch1/src/PhysicsTools/RooStatsCms/interface to tarball
DEBUG 2017-05-12 12:17:05,242: 	 Adding data directory /nfs/dust/cms/user/zoiirene/CMSSW_8_0_24_patch1/src/PhysicsTools/TagAndProbe/interface to tarball
DEBUG 2017-05-12 12:17:05,300: 	 Adding data directory /nfs/dust/cms/user/zoiirene/CMSSW_8_0_24_patch1/src/PhysicsTools/JetMCUtils/interface to tarball
DEBUG 2017-05-12 12:17:05,632: 	 Adding data directory /nfs/dust/cms/user/zoiirene/CMSSW_8_0_24_patch1/src/UHH2/common/data to tarball
DEBUG 2017-05-12 12:17:08,811: 	 Adding data directory /nfs/dust/cms/user/zoiirene/CMSSW_8_0_24_patch1/src/UHH2/JetMETObjects/data to tarball
DEBUG 2017-05-12 12:17:14,128: 	 Adding data directory /nfs/dust/cms/user/zoiirene/CMSSW_8_0_24_patch1/src/UHH2/JetMETObjects/interface to tarball
DEBUG 2017-05-12 12:17:14,536: 	 Uploading archive /nfs/dust/cms/user/zoiirene/CMSSW_8_0_24_patch1/src/UHH2/scripts/crab/crab_ntupleRadionToWW/crab_VBF_RadionToWW_narrow_M-2000_13TeV-madgraph_new/inputs/95211cfd-308a-4dd6-8dfe-8c1ef93df4e1default.tgz (91 MB) to the CRAB cache. Using URI https://cmsweb.cern.ch/crabcache
DEBUG 2017-05-12 12:17:39,133: 	 Loading required information from the environment
DEBUG 2017-05-12 12:17:39,133: 	 Found CMSSW_8_0_24_patch1 for slc6_amd64_gcc530 with base /nfs/dust/cms/user/zoiirene/CMSSW_8_0_24_patch1
DEBUG 2017-05-12 12:17:39,134: 	 Making tarball in /nfs/dust/cms/user/zoiirene/CMSSW_8_0_24_patch1/src/UHH2/scripts/crab/crab_ntupleRadionToWW/crab_VBF_RadionToWW_narrow_M-2000_13TeV-madgraph_new/inputs/debugFiles.tgz
DEBUG 2017-05-12 12:17:39,143: 	 Uploading archive /nfs/dust/cms/user/zoiirene/CMSSW_8_0_24_patch1/src/UHH2/scripts/crab/crab_ntupleRadionToWW/crab_VBF_RadionToWW_narrow_M-2000_13TeV-madgraph_new/inputs/debugFiles.tgz (12 KB) to the CRAB cache. Using URI https://cmsweb.cern.ch/crabcache
DEBUG 2017-05-12 12:17:39,675: 	 Result uploading input files: e4dedd6bcc7781ba7857c6e35cb551b08721312df463c3ad726416218fe184af.tar.gz 
INFO 2017-05-12 12:17:39,675: 	 Sending the request to the server
DEBUG 2017-05-12 12:17:39,675: 	 Submitting {'maxjobruntime': 1250, 'extrajdl': [], 'ignorelocality': 0, 'savelogsflag': 1, 'useparent': 0, 'asyncdest': 'T2_DE_DESY', 'algoargs': 7500, 'cachefilename': 'e4dedd6bcc7781ba7857c6e35cb551b08721312df463c3ad726416218fe184af.tar.gz', 'numcores': 1, 'addoutputfiles': ['Ntuple.root'], 'generator': 'pythia', 'maxmemory': 2500, 'publishdbsurl': 'https://cmsweb.cern.ch/dbs/prod/phys03/DBSWriter', 'priority': 10, 'jobsw': 'CMSSW_8_0_24_patch1', 'edmoutfiles': [], 'userfiles': [], 'primarydataset': '', 'inputdata': '/VBF_RadionToWW_narrow_M-2000_13TeV-madgraph/RunIISummer16MiniAODv2-PUMoriond17_80X_mcRun2_asymptotic_2016_TrancheIV_v6-v1/MINIAODSIM', 'lfn': '/store/user/izoi/RunII_80X_v3/', 'dryrun': 0, 'workflow': 'crab_VBF_RadionToWW_narrow_M-2000_13TeV-madgraph_new', 'cacheurl': u'https://cmsweb.cern.ch/crabcache', 'nonprodsw': 0, 'tfileoutfiles': [], 'oneEventMode': 0, 'debugfilename': '23fddae2876e1268094c0e95442d6053b33efcc0f4e4e0e49f914f2967754d70.tar.gz', 'saveoutput': 1, 'publication': 0, 'jobarch': 'slc6_amd64_gcc530', 'totalunits': 0, 'splitalgo': 'EventAwareLumiBased', 'ignoreglobalblacklist': 0, 'nonvaliddata': 0, 'dbsurl': 'https://cmsweb.cern.ch/dbs/prod/global/DBSReader', 'publishgroupname': 0, 'jobtype': 'Analysis', 'publishname2': ''} 
DEBUG 2017-05-12 12:17:39,676: 	 Encoded submit request: maxjobruntime=1250&ignorelocality=0&savelogsflag=1&useparent=0&asyncdest=T2_DE_DESY&algoargs=7500&cachefilename=e4dedd6bcc7781ba7857c6e35cb551b08721312df463c3ad726416218fe184af.tar.gz&numcores=1&generator=pythia&maxmemory=2500&publishdbsurl=https%3A%2F%2Fcmsweb.cern.ch%2Fdbs%2Fprod%2Fphys03%2FDBSWriter&priority=10&jobsw=CMSSW_8_0_24_patch1&primarydataset=&inputdata=%2FVBF_RadionToWW_narrow_M-2000_13TeV-madgraph%2FRunIISummer16MiniAODv2-PUMoriond17_80X_mcRun2_asymptotic_2016_TrancheIV_v6-v1%2FMINIAODSIM&lfn=%2Fstore%2Fuser%2Fizoi%2FRunII_80X_v3%2F&dryrun=0&workflow=crab_VBF_RadionToWW_narrow_M-2000_13TeV-madgraph_new&cacheurl=https%3A%2F%2Fcmsweb.cern.ch%2Fcrabcache&nonprodsw=0&oneEventMode=0&debugfilename=23fddae2876e1268094c0e95442d6053b33efcc0f4e4e0e49f914f2967754d70.tar.gz&saveoutput=1&publication=0&jobarch=slc6_amd64_gcc530&totalunits=0&splitalgo=EventAwareLumiBased&ignoreglobalblacklist=0&nonvaliddata=0&dbsurl=https%3A%2F%2Fcmsweb.cern.ch%2Fdbs%2Fprod%2Fglobal%2FDBSReader&publishgroupname=0&jobtype=Analysis&publishname2=&addoutputfiles=Ntuple.root
DEBUG 2017-05-12 12:17:40,616: 	 Result: {u'result': [{u'RequestName': u'170512_101740:izoi_crab_VBF_RadionToWW_narrow_M-2000_13TeV-madgraph_new'}]}
INFO 2017-05-12 12:17:40,618: 	 Success: Your task has been delivered to the CRAB3 server.
INFO 2017-05-12 12:17:40,618: 	 Task name: 170512_101740:izoi_crab_VBF_RadionToWW_narrow_M-2000_13TeV-madgraph_new
INFO 2017-05-12 12:17:40,619: 	 Please use 'crab status' to check how the submission process proceeds.
DEBUG 2017-05-12 12:17:40,619: 	 About to return
INFO 2017-05-12 12:17:40,624: 	 Log file is /nfs/dust/cms/user/zoiirene/CMSSW_8_0_24_patch1/src/UHH2/scripts/crab/crab_ntupleRadionToWW/crab_VBF_RadionToWW_narrow_M-2000_13TeV-madgraph_new/crab.log
DEBUG 2017-05-12 13:35:40,490: 	 Executing command: 'status'
DEBUG 2017-05-12 13:35:40,490: 	 Found CRAB cache file /afs/desy.de/user/z/zoiirene/.crab3
DEBUG 2017-05-12 13:35:40,501: 	 Checking credentials
DEBUG 2017-05-12 13:35:40,501: 	 Found proxy file /tmp/x509up_u28517
DEBUG 2017-05-12 13:35:40,501: 	 Getting proxy life time left
DEBUG 2017-05-12 13:35:41,004: 	 Executing : 
 command : voms-proxy-info -file /tmp/x509up_u28517 -timeleft
 output : 36844

 error: 
 retcode : 0
DEBUG 2017-05-12 13:35:41,407: 	 Executing : 
 command : voms-proxy-info -file /tmp/x509up_u28517 -actimeleft
 output : 36843

 error: 
 retcode : 0
DEBUG 2017-05-12 13:35:41,407: 	 Proxy valid for 10:14:04 hours
DEBUG 2017-05-12 13:35:41,520: 	 Executing : 
 command : openssl x509 -in ~/.globus/usercert.pem -subject -noout
 output : subject= /C=DE/O=GermanGrid/OU=uni-hamburg/CN=Zoi Irene

 error: 
 retcode : 0
DEBUG 2017-05-12 13:35:41,520: 	 Checking credentials
DEBUG 2017-05-12 13:35:41,520: 	 Found proxy file /tmp/x509up_u28517
DEBUG 2017-05-12 13:35:41,520: 	 Getting proxy life time left
DEBUG 2017-05-12 13:35:41,923: 	 Executing : 
 command : voms-proxy-info -file /tmp/x509up_u28517 -timeleft
 output : 36843

 error: 
 retcode : 0
DEBUG 2017-05-12 13:35:42,326: 	 Executing : 
 command : voms-proxy-info -file /tmp/x509up_u28517 -actimeleft
 output : 36842

 error: 
 retcode : 0
DEBUG 2017-05-12 13:35:42,327: 	 Proxy valid for 10:14:03 hours
DEBUG 2017-05-12 13:35:42,828: 	 Registering user credentials for server /DC=ch/DC=cern/OU=computers/CN=vocms(045|052|021|031|0118|0118a|0119|0108|0105|0109).cern.ch
DEBUG 2017-05-12 13:35:42,936: 	 Executing : 
 command : openssl x509 -in ~/.globus/usercert.pem -subject -noout
 output : subject= /C=DE/O=GermanGrid/OU=uni-hamburg/CN=Zoi Irene

 error: 
 retcode : 0
DEBUG 2017-05-12 13:35:42,936: 	 Getting myproxy life time left for myproxy.cern.ch
DEBUG 2017-05-12 13:35:42,936: 	 Calculating hash of /C=DE/O=GermanGrid/OU=uni-hamburg/CN=Zoi Irene_cmsweb.cern.ch for credential name
DEBUG 2017-05-12 13:35:43,338: 	 Executing : 
 command : myproxy-info -l 3cd82fca48badc692f8513e62d67e79566e4e718 -s myproxy.cern.ch
 output : username: 3cd82fca48badc692f8513e62d67e79566e4e718
owner: /C=DE/O=GermanGrid/OU=uni-hamburg/CN=Zoi Irene
  renewal policy: /DC=ch/DC=cern/OU=computers/CN=vocms(045|052|021|031|0118|0118a|0119|0108|0105|0109).cern.ch
  trusted retrieval policy: /DC=ch/DC=cern/OU=computers/CN=vocms(045|052|021|031|0118|0118a|0119|0108|0105|0109).cern.ch
  timeleft: 624:48:20  (26.0 days)

 error: 
 retcode : 0
DEBUG 2017-05-12 13:35:43,339: 	 Myproxy is valid: 2249300
DEBUG 2017-05-12 13:35:43,339: 	 Command use: status
DEBUG 2017-05-12 13:35:43,339: 	 Options use: []
DEBUG 2017-05-12 13:35:43,803: 	 CRABClient version: 3.3.1705.patch3
DEBUG 2017-05-12 13:35:43,803: 	 Instance is prod
DEBUG 2017-05-12 13:35:43,803: 	 Server base url is cmsweb.cern.ch
DEBUG 2017-05-12 13:35:43,803: 	 Command url /crabserver/prod/workflow
DEBUG 2017-05-12 13:35:44,231: 	 Got information from server oracle database: {u'result': [u'170512_101740:izoi_crab_VBF_RadionToWW_narrow_M-2000_13TeV-madgraph_new', u'None', u'SUBMITTED', u'2017-05-12 10:17:40.577048', u'None', u'2017-05-12 10:18:41.333076', u'None', u'CMSSW_8_0_24_patch1', u'slc6_amd64_gcc530', u'/VBF_RadionToWW_narrow_M-2000_13TeV-madgraph/RunIISummer16MiniAODv2-PUMoriond17_80X_mcRun2_asymptotic_2016_TrancheIV_v6-v1/MINIAODSIM', u'[]', u'[]', u'EventAwareLumiBased', u"{'splitOnRun': False, 'events_per_job': 7500, 'halt_job_on_file_boundaries': False, 'runs': [], 'lumis': []}", u'0', u'e4dedd6bcc7781ba7857c6e35cb551b08721312df463c3ad726416218fe184af.tar.gz', u'https://cmsweb.cern.ch/crabcache', u'izoi', u'/C=DE/O=GermanGrid/OU=uni-hamburg/CN=Zoi Irene', u'cms', u'None', u'None', u'crab_VBF_RadionToWW_narrow_M-2000_13TeV-madgraph_new-00000000000000000000000000000000', u'T2_DE_DESY', u'https://cmsweb.cern.ch/dbs/prod/global/DBSReader', u'https://cmsweb.cern.ch/dbs/prod/phys03/DBSWriter', u'F', u'Analysis', u'{}', u'[]', u'T', u'vocms052', u'[]', u'1250', u'1', u'2500', u'10', u'None', u'http://vocms0197.cern.ch/mon/cms1123/170512_101740:izoi_crab_VBF_RadionToWW_narrow_M-2000_13TeV-madgraph_new', u'None', u'None', u'[]', u'[]', u'[]', u'pythia', u"['Ntuple.root']", u'[]', u'[]', u'https://cmsweb.cern.ch/crabserver/prod', u'None', u'0', u'cmsgwms-collector-global.cern.ch:9620,cmssrv221.fnal.gov:9620', u'crab3@vocms0197.cern.ch', u'F', u'[]', u'T', u'/store/user/izoi/RunII_80X_v3/', u'F', u'None', u'F', u'F', u'F', u'None', u'VBF_RadionToWW_narrow_M-2000_13TeV-madgraph', u'filetransfers', u'SUBMIT', u'6066819', u'23fddae2876e1268094c0e95442d6053b33efcc0f4e4e0e49f914f2967754d70.tar.gz', u'131.169.168.54', u'F', u'None'], u'desc': {u'columns': [u'tm_taskname', u'panda_jobset_id', u'tm_task_status', u'tm_start_time', u'tm_start_injection', u'tm_end_injection', u'tm_task_failure', u'tm_job_sw', u'tm_job_arch', u'tm_input_dataset', u'tm_site_whitelist', u'tm_site_blacklist', u'tm_split_algo', u'tm_split_args', u'tm_totalunits', u'tm_user_sandbox', u'tm_cache_url', u'tm_username', u'tm_user_dn', u'tm_user_vo', u'tm_user_role', u'tm_user_group', u'tm_publish_name', u'tm_asyncdest', u'tm_dbs_url', u'tm_publish_dbs_url', u'tm_publication', u'tm_job_type', u'tm_arguments', u'panda_resubmitted_jobs', u'tm_save_logs', u'tw_name', u'tm_user_infiles', u'tm_maxjobruntime', u'tm_numcores', u'tm_maxmemory', u'tm_priority', u'tm_output_dataset', u'tm_user_webdir', u'tm_activity', u'tm_scriptexe', u'tm_scriptargs', u'tm_extrajdl', u'tm_task_warnings', u'tm_generator', u'tm_outfiles', u'tm_tfile_outfiles', u'tm_edm_outfiles', u'tm_asourl', u'tm_events_per_lumi', u'tm_use_parent', u'tm_collector', u'tm_schedd', u'tm_dry_run', u'tm_user_files', u'tm_transfer_outputs', u'tm_output_lfn', u'tm_ignore_locality', u'tm_fail_limit', u'tm_one_event_mode', u'tm_publish_groupname', u'tm_nonvalid_input_dataset', u'tm_secondary_input_dataset', u'tm_primary_dataset', u'tm_asodb', u'tm_task_command', u'clusterid', u'tm_debug_files', u'tm_submitter_ip_addr', u'tm_ignore_global_blacklist', u'tm_last_publication']}}
INFO 2017-05-12 13:35:44,231: 	 CRAB project directory:		/nfs/dust/cms/user/zoiirene/CMSSW_8_0_24_patch1/src/UHH2/scripts/crab/crab_ntupleRadionToWW/crab_VBF_RadionToWW_narrow_M-2000_13TeV-madgraph_new
INFO 2017-05-12 13:35:44,231: 	 Task name:			170512_101740:izoi_crab_VBF_RadionToWW_narrow_M-2000_13TeV-madgraph_new
INFO 2017-05-12 13:35:44,231: 	 Grid scheduler:			crab3@vocms0197.cern.ch
INFO 2017-05-12 13:35:44,231: 	 Status on the CRAB server:	SUBMITTED
INFO 2017-05-12 13:35:44,231: 	 Task URL to use for HELP:	https://cmsweb.cern.ch/crabserver/ui/task/170512_101740%3Aizoi_crab_VBF_RadionToWW_narrow_M-2000_13TeV-madgraph_new
INFO 2017-05-12 13:35:44,231: 	 Dashboard monitoring URL:	http://dashb-cms-job.cern.ch/dashboard/templates/task-analysis/#user=izoi&refresh=0&table=Jobs&p=1&records=25&activemenu=2&status=&site=&tid=170512_101740%3Aizoi_crab_VBF_RadionToWW_narrow_M-2000_13TeV-madgraph_new
DEBUG 2017-05-12 13:35:44,231: 	 The CRAB server submitted your task to the Grid scheduler (cluster ID: 6066819)
DEBUG 2017-05-12 13:35:44,231: 	 Webdir is located at http://vocms0197.cern.ch/mon/cms1123/170512_101740:izoi_crab_VBF_RadionToWW_narrow_M-2000_13TeV-madgraph_new
DEBUG 2017-05-12 13:35:45,713: 	 Proxied webdir is located at https://cmsweb.cern.ch/scheddmon/0197/cms1123/170512_101740:izoi_crab_VBF_RadionToWW_narrow_M-2000_13TeV-madgraph_new
DEBUG 2017-05-12 13:35:45,713: 	 Retrieving 'status_cache' file from https://cmsweb.cern.ch/scheddmon/0197/cms1123/170512_101740:izoi_crab_VBF_RadionToWW_narrow_M-2000_13TeV-madgraph_new/status_cache
INFO 2017-05-12 13:35:45,839: 	 Waiting for the Grid scheduler to report back the status of your task
DEBUG 2017-05-12 13:35:45,839: 	 Cannot retrieve the status_cache file. Maybe the task process has not run yet?
Got: Error while trying to retrieve file from https://cmsweb.cern.ch/scheddmon/0197/cms1123/170512_101740:izoi_crab_VBF_RadionToWW_narrow_M-2000_13TeV-madgraph_new/status_cache: [Errno socket error] [SSL: CERTIFICATE_VERIFY_FAILED] certificate verify failed (_ssl.c:591)
Make sure the URL is correct.
ERROR 2017-05-12 13:35:45,839: 	 Error while trying to retrieve file from https://cmsweb.cern.ch/scheddmon/0197/cms1123/170512_101740:izoi_crab_VBF_RadionToWW_narrow_M-2000_13TeV-madgraph_new/status_cache: [Errno socket error] [SSL: CERTIFICATE_VERIFY_FAILED] certificate verify failed (_ssl.c:591)
Make sure the URL is correct.
Traceback (most recent call last):
  File "/cvmfs/cms.cern.ch/crab3/slc6_amd64_gcc493/cms/crabclient/3.3.1705.patch3/lib/python2.7/site-packages/CRABClient/Commands/status.py", line 105, in __call__
    statusCacheFilename = getFileFromURL(url, filename=filename, proxyfilename=self.proxyfilename)
  File "/cvmfs/cms.cern.ch/crab3/slc6_amd64_gcc493/cms/crabclient/3.3.1705.patch3/lib/python2.7/site-packages/CRABClient/UserUtilities.py", line 150, in getFileFromURL
    raise exc
ClientException: Error while trying to retrieve file from https://cmsweb.cern.ch/scheddmon/0197/cms1123/170512_101740:izoi_crab_VBF_RadionToWW_narrow_M-2000_13TeV-madgraph_new/status_cache: [Errno socket error] [SSL: CERTIFICATE_VERIFY_FAILED] certificate verify failed (_ssl.c:591)
Make sure the URL is correct.
INFO 2017-05-12 13:35:45,871: 	 Log file is /nfs/dust/cms/user/zoiirene/CMSSW_8_0_24_patch1/src/UHH2/scripts/crab/crab_ntupleRadionToWW/crab_VBF_RadionToWW_narrow_M-2000_13TeV-madgraph_new/crab.log
