hadd Target file: /nfs/dust/cms/user/zoiirene/UpgradeStudiesGtoWW/Phase2Official/Output/uhh2.AnalysisModuleRunner.MC.QCD_200PU_Puppi_mass_eta_JEC_puppitune.root
hadd compression setting for all ouput: 1
hadd Source file 1: /nfs/dust/cms/user/zoiirene/UpgradeStudiesGtoWW/Phase2Official/Output/workdir_QCD_mass_P2PU/uhh2.AnalysisModuleRunner.MC.QCD_200PU_Puppi_mass_eta_JEC_puppitune_0.root
hadd Source file 2: /nfs/dust/cms/user/zoiirene/UpgradeStudiesGtoWW/Phase2Official/Output/workdir_QCD_mass_P2PU/uhh2.AnalysisModuleRunner.MC.QCD_200PU_Puppi_mass_eta_JEC_puppitune_1.root
hadd Source file 3: /nfs/dust/cms/user/zoiirene/UpgradeStudiesGtoWW/Phase2Official/Output/workdir_QCD_mass_P2PU/uhh2.AnalysisModuleRunner.MC.QCD_200PU_Puppi_mass_eta_JEC_puppitune_2.root
hadd Source file 4: /nfs/dust/cms/user/zoiirene/UpgradeStudiesGtoWW/Phase2Official/Output/workdir_QCD_mass_P2PU/uhh2.AnalysisModuleRunner.MC.QCD_200PU_Puppi_mass_eta_JEC_puppitune_3.root
hadd Source file 5: /nfs/dust/cms/user/zoiirene/UpgradeStudiesGtoWW/Phase2Official/Output/workdir_QCD_mass_P2PU/uhh2.AnalysisModuleRunner.MC.QCD_200PU_Puppi_mass_eta_JEC_puppitune_4.root
hadd Source file 6: /nfs/dust/cms/user/zoiirene/UpgradeStudiesGtoWW/Phase2Official/Output/workdir_QCD_mass_P2PU/uhh2.AnalysisModuleRunner.MC.QCD_200PU_Puppi_mass_eta_JEC_puppitune_5.root
hadd Source file 7: /nfs/dust/cms/user/zoiirene/UpgradeStudiesGtoWW/Phase2Official/Output/workdir_QCD_mass_P2PU/uhh2.AnalysisModuleRunner.MC.QCD_200PU_Puppi_mass_eta_JEC_puppitune_6.root
hadd Source file 8: /nfs/dust/cms/user/zoiirene/UpgradeStudiesGtoWW/Phase2Official/Output/workdir_QCD_mass_P2PU/uhh2.AnalysisModuleRunner.MC.QCD_200PU_Puppi_mass_eta_JEC_puppitune_7.root
hadd Source file 9: /nfs/dust/cms/user/zoiirene/UpgradeStudiesGtoWW/Phase2Official/Output/workdir_QCD_mass_P2PU/uhh2.AnalysisModuleRunner.MC.QCD_200PU_Puppi_mass_eta_JEC_puppitune_8.root
hadd Source file 10: /nfs/dust/cms/user/zoiirene/UpgradeStudiesGtoWW/Phase2Official/Output/workdir_QCD_mass_P2PU/uhh2.AnalysisModuleRunner.MC.QCD_200PU_Puppi_mass_eta_JEC_puppitune_9.root
hadd Source file 11: /nfs/dust/cms/user/zoiirene/UpgradeStudiesGtoWW/Phase2Official/Output/workdir_QCD_mass_P2PU/uhh2.AnalysisModuleRunner.MC.QCD_200PU_Puppi_mass_eta_JEC_puppitune_10.root
hadd Source file 12: /nfs/dust/cms/user/zoiirene/UpgradeStudiesGtoWW/Phase2Official/Output/workdir_QCD_mass_P2PU/uhh2.AnalysisModuleRunner.MC.QCD_200PU_Puppi_mass_eta_JEC_puppitune_11.root
hadd Source file 13: /nfs/dust/cms/user/zoiirene/UpgradeStudiesGtoWW/Phase2Official/Output/workdir_QCD_mass_P2PU/uhh2.AnalysisModuleRunner.MC.QCD_200PU_Puppi_mass_eta_JEC_puppitune_12.root
hadd Source file 14: /nfs/dust/cms/user/zoiirene/UpgradeStudiesGtoWW/Phase2Official/Output/workdir_QCD_mass_P2PU/uhh2.AnalysisModuleRunner.MC.QCD_200PU_Puppi_mass_eta_JEC_puppitune_13.root
hadd Source file 15: /nfs/dust/cms/user/zoiirene/UpgradeStudiesGtoWW/Phase2Official/Output/workdir_QCD_mass_P2PU/uhh2.AnalysisModuleRunner.MC.QCD_200PU_Puppi_mass_eta_JEC_puppitune_14.root
hadd Source file 16: /nfs/dust/cms/user/zoiirene/UpgradeStudiesGtoWW/Phase2Official/Output/workdir_QCD_mass_P2PU/uhh2.AnalysisModuleRunner.MC.QCD_200PU_Puppi_mass_eta_JEC_puppitune_15.root
hadd Source file 17: /nfs/dust/cms/user/zoiirene/UpgradeStudiesGtoWW/Phase2Official/Output/workdir_QCD_mass_P2PU/uhh2.AnalysisModuleRunner.MC.QCD_200PU_Puppi_mass_eta_JEC_puppitune_16.root
hadd Source file 18: /nfs/dust/cms/user/zoiirene/UpgradeStudiesGtoWW/Phase2Official/Output/workdir_QCD_mass_P2PU/uhh2.AnalysisModuleRunner.MC.QCD_200PU_Puppi_mass_eta_JEC_puppitune_17.root
hadd Source file 19: /nfs/dust/cms/user/zoiirene/UpgradeStudiesGtoWW/Phase2Official/Output/workdir_QCD_mass_P2PU/uhh2.AnalysisModuleRunner.MC.QCD_200PU_Puppi_mass_eta_JEC_puppitune_18.root
hadd Source file 20: /nfs/dust/cms/user/zoiirene/UpgradeStudiesGtoWW/Phase2Official/Output/workdir_QCD_mass_P2PU/uhh2.AnalysisModuleRunner.MC.QCD_200PU_Puppi_mass_eta_JEC_puppitune_19.root
hadd Source file 21: /nfs/dust/cms/user/zoiirene/UpgradeStudiesGtoWW/Phase2Official/Output/workdir_QCD_mass_P2PU/uhh2.AnalysisModuleRunner.MC.QCD_200PU_Puppi_mass_eta_JEC_puppitune_20.root
hadd Source file 22: /nfs/dust/cms/user/zoiirene/UpgradeStudiesGtoWW/Phase2Official/Output/workdir_QCD_mass_P2PU/uhh2.AnalysisModuleRunner.MC.QCD_200PU_Puppi_mass_eta_JEC_puppitune_21.root
hadd Source file 23: /nfs/dust/cms/user/zoiirene/UpgradeStudiesGtoWW/Phase2Official/Output/workdir_QCD_mass_P2PU/uhh2.AnalysisModuleRunner.MC.QCD_200PU_Puppi_mass_eta_JEC_puppitune_22.root
hadd Source file 24: /nfs/dust/cms/user/zoiirene/UpgradeStudiesGtoWW/Phase2Official/Output/workdir_QCD_mass_P2PU/uhh2.AnalysisModuleRunner.MC.QCD_200PU_Puppi_mass_eta_JEC_puppitune_23.root
hadd Source file 25: /nfs/dust/cms/user/zoiirene/UpgradeStudiesGtoWW/Phase2Official/Output/workdir_QCD_mass_P2PU/uhh2.AnalysisModuleRunner.MC.QCD_200PU_Puppi_mass_eta_JEC_puppitune_24.root
hadd Source file 26: /nfs/dust/cms/user/zoiirene/UpgradeStudiesGtoWW/Phase2Official/Output/workdir_QCD_mass_P2PU/uhh2.AnalysisModuleRunner.MC.QCD_200PU_Puppi_mass_eta_JEC_puppitune_25.root
hadd Source file 27: /nfs/dust/cms/user/zoiirene/UpgradeStudiesGtoWW/Phase2Official/Output/workdir_QCD_mass_P2PU/uhh2.AnalysisModuleRunner.MC.QCD_200PU_Puppi_mass_eta_JEC_puppitune_26.root
hadd Source file 28: /nfs/dust/cms/user/zoiirene/UpgradeStudiesGtoWW/Phase2Official/Output/workdir_QCD_mass_P2PU/uhh2.AnalysisModuleRunner.MC.QCD_200PU_Puppi_mass_eta_JEC_puppitune_27.root
hadd Source file 29: /nfs/dust/cms/user/zoiirene/UpgradeStudiesGtoWW/Phase2Official/Output/workdir_QCD_mass_P2PU/uhh2.AnalysisModuleRunner.MC.QCD_200PU_Puppi_mass_eta_JEC_puppitune_28.root
hadd Source file 30: /nfs/dust/cms/user/zoiirene/UpgradeStudiesGtoWW/Phase2Official/Output/workdir_QCD_mass_P2PU/uhh2.AnalysisModuleRunner.MC.QCD_200PU_Puppi_mass_eta_JEC_puppitune_29.root
hadd Source file 31: /nfs/dust/cms/user/zoiirene/UpgradeStudiesGtoWW/Phase2Official/Output/workdir_QCD_mass_P2PU/uhh2.AnalysisModuleRunner.MC.QCD_200PU_Puppi_mass_eta_JEC_puppitune_30.root
hadd Source file 32: /nfs/dust/cms/user/zoiirene/UpgradeStudiesGtoWW/Phase2Official/Output/workdir_QCD_mass_P2PU/uhh2.AnalysisModuleRunner.MC.QCD_200PU_Puppi_mass_eta_JEC_puppitune_31.root
hadd Source file 33: /nfs/dust/cms/user/zoiirene/UpgradeStudiesGtoWW/Phase2Official/Output/workdir_QCD_mass_P2PU/uhh2.AnalysisModuleRunner.MC.QCD_200PU_Puppi_mass_eta_JEC_puppitune_32.root
hadd Source file 34: /nfs/dust/cms/user/zoiirene/UpgradeStudiesGtoWW/Phase2Official/Output/workdir_QCD_mass_P2PU/uhh2.AnalysisModuleRunner.MC.QCD_200PU_Puppi_mass_eta_JEC_puppitune_33.root
hadd Source file 35: /nfs/dust/cms/user/zoiirene/UpgradeStudiesGtoWW/Phase2Official/Output/workdir_QCD_mass_P2PU/uhh2.AnalysisModuleRunner.MC.QCD_200PU_Puppi_mass_eta_JEC_puppitune_34.root
hadd Source file 36: /nfs/dust/cms/user/zoiirene/UpgradeStudiesGtoWW/Phase2Official/Output/workdir_QCD_mass_P2PU/uhh2.AnalysisModuleRunner.MC.QCD_200PU_Puppi_mass_eta_JEC_puppitune_35.root
hadd Source file 37: /nfs/dust/cms/user/zoiirene/UpgradeStudiesGtoWW/Phase2Official/Output/workdir_QCD_mass_P2PU/uhh2.AnalysisModuleRunner.MC.QCD_200PU_Puppi_mass_eta_JEC_puppitune_36.root
hadd Source file 38: /nfs/dust/cms/user/zoiirene/UpgradeStudiesGtoWW/Phase2Official/Output/workdir_QCD_mass_P2PU/uhh2.AnalysisModuleRunner.MC.QCD_200PU_Puppi_mass_eta_JEC_puppitune_37.root
hadd Source file 39: /nfs/dust/cms/user/zoiirene/UpgradeStudiesGtoWW/Phase2Official/Output/workdir_QCD_mass_P2PU/uhh2.AnalysisModuleRunner.MC.QCD_200PU_Puppi_mass_eta_JEC_puppitune_38.root
hadd Source file 40: /nfs/dust/cms/user/zoiirene/UpgradeStudiesGtoWW/Phase2Official/Output/workdir_QCD_mass_P2PU/uhh2.AnalysisModuleRunner.MC.QCD_200PU_Puppi_mass_eta_JEC_puppitune_39.root
hadd Source file 41: /nfs/dust/cms/user/zoiirene/UpgradeStudiesGtoWW/Phase2Official/Output/workdir_QCD_mass_P2PU/uhh2.AnalysisModuleRunner.MC.QCD_200PU_Puppi_mass_eta_JEC_puppitune_40.root
hadd Source file 42: /nfs/dust/cms/user/zoiirene/UpgradeStudiesGtoWW/Phase2Official/Output/workdir_QCD_mass_P2PU/uhh2.AnalysisModuleRunner.MC.QCD_200PU_Puppi_mass_eta_JEC_puppitune_41.root
hadd Source file 43: /nfs/dust/cms/user/zoiirene/UpgradeStudiesGtoWW/Phase2Official/Output/workdir_QCD_mass_P2PU/uhh2.AnalysisModuleRunner.MC.QCD_200PU_Puppi_mass_eta_JEC_puppitune_42.root
hadd Source file 44: /nfs/dust/cms/user/zoiirene/UpgradeStudiesGtoWW/Phase2Official/Output/workdir_QCD_mass_P2PU/uhh2.AnalysisModuleRunner.MC.QCD_200PU_Puppi_mass_eta_JEC_puppitune_43.root
hadd Source file 45: /nfs/dust/cms/user/zoiirene/UpgradeStudiesGtoWW/Phase2Official/Output/workdir_QCD_mass_P2PU/uhh2.AnalysisModuleRunner.MC.QCD_200PU_Puppi_mass_eta_JEC_puppitune_44.root
hadd Source file 46: /nfs/dust/cms/user/zoiirene/UpgradeStudiesGtoWW/Phase2Official/Output/workdir_QCD_mass_P2PU/uhh2.AnalysisModuleRunner.MC.QCD_200PU_Puppi_mass_eta_JEC_puppitune_45.root
hadd Source file 47: /nfs/dust/cms/user/zoiirene/UpgradeStudiesGtoWW/Phase2Official/Output/workdir_QCD_mass_P2PU/uhh2.AnalysisModuleRunner.MC.QCD_200PU_Puppi_mass_eta_JEC_puppitune_46.root
hadd Source file 48: /nfs/dust/cms/user/zoiirene/UpgradeStudiesGtoWW/Phase2Official/Output/workdir_QCD_mass_P2PU/uhh2.AnalysisModuleRunner.MC.QCD_200PU_Puppi_mass_eta_JEC_puppitune_47.root
hadd Source file 49: /nfs/dust/cms/user/zoiirene/UpgradeStudiesGtoWW/Phase2Official/Output/workdir_QCD_mass_P2PU/uhh2.AnalysisModuleRunner.MC.QCD_200PU_Puppi_mass_eta_JEC_puppitune_48.root
hadd Source file 50: /nfs/dust/cms/user/zoiirene/UpgradeStudiesGtoWW/Phase2Official/Output/workdir_QCD_mass_P2PU/uhh2.AnalysisModuleRunner.MC.QCD_200PU_Puppi_mass_eta_JEC_puppitune_49.root
hadd Source file 51: /nfs/dust/cms/user/zoiirene/UpgradeStudiesGtoWW/Phase2Official/Output/workdir_QCD_mass_P2PU/uhh2.AnalysisModuleRunner.MC.QCD_200PU_Puppi_mass_eta_JEC_puppitune_50.root
hadd Source file 52: /nfs/dust/cms/user/zoiirene/UpgradeStudiesGtoWW/Phase2Official/Output/workdir_QCD_mass_P2PU/uhh2.AnalysisModuleRunner.MC.QCD_200PU_Puppi_mass_eta_JEC_puppitune_51.root
hadd Source file 53: /nfs/dust/cms/user/zoiirene/UpgradeStudiesGtoWW/Phase2Official/Output/workdir_QCD_mass_P2PU/uhh2.AnalysisModuleRunner.MC.QCD_200PU_Puppi_mass_eta_JEC_puppitune_52.root
hadd Source file 54: /nfs/dust/cms/user/zoiirene/UpgradeStudiesGtoWW/Phase2Official/Output/workdir_QCD_mass_P2PU/uhh2.AnalysisModuleRunner.MC.QCD_200PU_Puppi_mass_eta_JEC_puppitune_53.root
hadd Source file 55: /nfs/dust/cms/user/zoiirene/UpgradeStudiesGtoWW/Phase2Official/Output/workdir_QCD_mass_P2PU/uhh2.AnalysisModuleRunner.MC.QCD_200PU_Puppi_mass_eta_JEC_puppitune_54.root
hadd Source file 56: /nfs/dust/cms/user/zoiirene/UpgradeStudiesGtoWW/Phase2Official/Output/workdir_QCD_mass_P2PU/uhh2.AnalysisModuleRunner.MC.QCD_200PU_Puppi_mass_eta_JEC_puppitune_55.root
hadd Source file 57: /nfs/dust/cms/user/zoiirene/UpgradeStudiesGtoWW/Phase2Official/Output/workdir_QCD_mass_P2PU/uhh2.AnalysisModuleRunner.MC.QCD_200PU_Puppi_mass_eta_JEC_puppitune_56.root
hadd Source file 58: /nfs/dust/cms/user/zoiirene/UpgradeStudiesGtoWW/Phase2Official/Output/workdir_QCD_mass_P2PU/uhh2.AnalysisModuleRunner.MC.QCD_200PU_Puppi_mass_eta_JEC_puppitune_57.root
hadd Source file 59: /nfs/dust/cms/user/zoiirene/UpgradeStudiesGtoWW/Phase2Official/Output/workdir_QCD_mass_P2PU/uhh2.AnalysisModuleRunner.MC.QCD_200PU_Puppi_mass_eta_JEC_puppitune_58.root
hadd Source file 60: /nfs/dust/cms/user/zoiirene/UpgradeStudiesGtoWW/Phase2Official/Output/workdir_QCD_mass_P2PU/uhh2.AnalysisModuleRunner.MC.QCD_200PU_Puppi_mass_eta_JEC_puppitune_59.root
hadd Source file 61: /nfs/dust/cms/user/zoiirene/UpgradeStudiesGtoWW/Phase2Official/Output/workdir_QCD_mass_P2PU/uhh2.AnalysisModuleRunner.MC.QCD_200PU_Puppi_mass_eta_JEC_puppitune_60.root
hadd Source file 62: /nfs/dust/cms/user/zoiirene/UpgradeStudiesGtoWW/Phase2Official/Output/workdir_QCD_mass_P2PU/uhh2.AnalysisModuleRunner.MC.QCD_200PU_Puppi_mass_eta_JEC_puppitune_61.root
hadd Source file 63: /nfs/dust/cms/user/zoiirene/UpgradeStudiesGtoWW/Phase2Official/Output/workdir_QCD_mass_P2PU/uhh2.AnalysisModuleRunner.MC.QCD_200PU_Puppi_mass_eta_JEC_puppitune_62.root
hadd Source file 64: /nfs/dust/cms/user/zoiirene/UpgradeStudiesGtoWW/Phase2Official/Output/workdir_QCD_mass_P2PU/uhh2.AnalysisModuleRunner.MC.QCD_200PU_Puppi_mass_eta_JEC_puppitune_63.root
hadd Source file 65: /nfs/dust/cms/user/zoiirene/UpgradeStudiesGtoWW/Phase2Official/Output/workdir_QCD_mass_P2PU/uhh2.AnalysisModuleRunner.MC.QCD_200PU_Puppi_mass_eta_JEC_puppitune_64.root
hadd Source file 66: /nfs/dust/cms/user/zoiirene/UpgradeStudiesGtoWW/Phase2Official/Output/workdir_QCD_mass_P2PU/uhh2.AnalysisModuleRunner.MC.QCD_200PU_Puppi_mass_eta_JEC_puppitune_65.root
hadd Source file 67: /nfs/dust/cms/user/zoiirene/UpgradeStudiesGtoWW/Phase2Official/Output/workdir_QCD_mass_P2PU/uhh2.AnalysisModuleRunner.MC.QCD_200PU_Puppi_mass_eta_JEC_puppitune_66.root
hadd Source file 68: /nfs/dust/cms/user/zoiirene/UpgradeStudiesGtoWW/Phase2Official/Output/workdir_QCD_mass_P2PU/uhh2.AnalysisModuleRunner.MC.QCD_200PU_Puppi_mass_eta_JEC_puppitune_67.root
hadd Source file 69: /nfs/dust/cms/user/zoiirene/UpgradeStudiesGtoWW/Phase2Official/Output/workdir_QCD_mass_P2PU/uhh2.AnalysisModuleRunner.MC.QCD_200PU_Puppi_mass_eta_JEC_puppitune_68.root
hadd Source file 70: /nfs/dust/cms/user/zoiirene/UpgradeStudiesGtoWW/Phase2Official/Output/workdir_QCD_mass_P2PU/uhh2.AnalysisModuleRunner.MC.QCD_200PU_Puppi_mass_eta_JEC_puppitune_69.root
hadd Source file 71: /nfs/dust/cms/user/zoiirene/UpgradeStudiesGtoWW/Phase2Official/Output/workdir_QCD_mass_P2PU/uhh2.AnalysisModuleRunner.MC.QCD_200PU_Puppi_mass_eta_JEC_puppitune_70.root
hadd Source file 72: /nfs/dust/cms/user/zoiirene/UpgradeStudiesGtoWW/Phase2Official/Output/workdir_QCD_mass_P2PU/uhh2.AnalysisModuleRunner.MC.QCD_200PU_Puppi_mass_eta_JEC_puppitune_71.root
hadd Source file 73: /nfs/dust/cms/user/zoiirene/UpgradeStudiesGtoWW/Phase2Official/Output/workdir_QCD_mass_P2PU/uhh2.AnalysisModuleRunner.MC.QCD_200PU_Puppi_mass_eta_JEC_puppitune_72.root
hadd Source file 74: /nfs/dust/cms/user/zoiirene/UpgradeStudiesGtoWW/Phase2Official/Output/workdir_QCD_mass_P2PU/uhh2.AnalysisModuleRunner.MC.QCD_200PU_Puppi_mass_eta_JEC_puppitune_73.root
hadd Source file 75: /nfs/dust/cms/user/zoiirene/UpgradeStudiesGtoWW/Phase2Official/Output/workdir_QCD_mass_P2PU/uhh2.AnalysisModuleRunner.MC.QCD_200PU_Puppi_mass_eta_JEC_puppitune_74.root
hadd Source file 76: /nfs/dust/cms/user/zoiirene/UpgradeStudiesGtoWW/Phase2Official/Output/workdir_QCD_mass_P2PU/uhh2.AnalysisModuleRunner.MC.QCD_200PU_Puppi_mass_eta_JEC_puppitune_75.root
hadd Source file 77: /nfs/dust/cms/user/zoiirene/UpgradeStudiesGtoWW/Phase2Official/Output/workdir_QCD_mass_P2PU/uhh2.AnalysisModuleRunner.MC.QCD_200PU_Puppi_mass_eta_JEC_puppitune_76.root
hadd Source file 78: /nfs/dust/cms/user/zoiirene/UpgradeStudiesGtoWW/Phase2Official/Output/workdir_QCD_mass_P2PU/uhh2.AnalysisModuleRunner.MC.QCD_200PU_Puppi_mass_eta_JEC_puppitune_77.root
hadd Source file 79: /nfs/dust/cms/user/zoiirene/UpgradeStudiesGtoWW/Phase2Official/Output/workdir_QCD_mass_P2PU/uhh2.AnalysisModuleRunner.MC.QCD_200PU_Puppi_mass_eta_JEC_puppitune_78.root
hadd Source file 80: /nfs/dust/cms/user/zoiirene/UpgradeStudiesGtoWW/Phase2Official/Output/workdir_QCD_mass_P2PU/uhh2.AnalysisModuleRunner.MC.QCD_200PU_Puppi_mass_eta_JEC_puppitune_79.root
hadd Source file 81: /nfs/dust/cms/user/zoiirene/UpgradeStudiesGtoWW/Phase2Official/Output/workdir_QCD_mass_P2PU/uhh2.AnalysisModuleRunner.MC.QCD_200PU_Puppi_mass_eta_JEC_puppitune_80.root
hadd Source file 82: /nfs/dust/cms/user/zoiirene/UpgradeStudiesGtoWW/Phase2Official/Output/workdir_QCD_mass_P2PU/uhh2.AnalysisModuleRunner.MC.QCD_200PU_Puppi_mass_eta_JEC_puppitune_81.root
hadd Source file 83: /nfs/dust/cms/user/zoiirene/UpgradeStudiesGtoWW/Phase2Official/Output/workdir_QCD_mass_P2PU/uhh2.AnalysisModuleRunner.MC.QCD_200PU_Puppi_mass_eta_JEC_puppitune_82.root
hadd Source file 84: /nfs/dust/cms/user/zoiirene/UpgradeStudiesGtoWW/Phase2Official/Output/workdir_QCD_mass_P2PU/uhh2.AnalysisModuleRunner.MC.QCD_200PU_Puppi_mass_eta_JEC_puppitune_83.root
hadd Source file 85: /nfs/dust/cms/user/zoiirene/UpgradeStudiesGtoWW/Phase2Official/Output/workdir_QCD_mass_P2PU/uhh2.AnalysisModuleRunner.MC.QCD_200PU_Puppi_mass_eta_JEC_puppitune_84.root
hadd Source file 86: /nfs/dust/cms/user/zoiirene/UpgradeStudiesGtoWW/Phase2Official/Output/workdir_QCD_mass_P2PU/uhh2.AnalysisModuleRunner.MC.QCD_200PU_Puppi_mass_eta_JEC_puppitune_85.root
hadd Source file 87: /nfs/dust/cms/user/zoiirene/UpgradeStudiesGtoWW/Phase2Official/Output/workdir_QCD_mass_P2PU/uhh2.AnalysisModuleRunner.MC.QCD_200PU_Puppi_mass_eta_JEC_puppitune_86.root
hadd Source file 88: /nfs/dust/cms/user/zoiirene/UpgradeStudiesGtoWW/Phase2Official/Output/workdir_QCD_mass_P2PU/uhh2.AnalysisModuleRunner.MC.QCD_200PU_Puppi_mass_eta_JEC_puppitune_87.root
hadd Source file 89: /nfs/dust/cms/user/zoiirene/UpgradeStudiesGtoWW/Phase2Official/Output/workdir_QCD_mass_P2PU/uhh2.AnalysisModuleRunner.MC.QCD_200PU_Puppi_mass_eta_JEC_puppitune_88.root
hadd Source file 90: /nfs/dust/cms/user/zoiirene/UpgradeStudiesGtoWW/Phase2Official/Output/workdir_QCD_mass_P2PU/uhh2.AnalysisModuleRunner.MC.QCD_200PU_Puppi_mass_eta_JEC_puppitune_89.root
hadd Source file 91: /nfs/dust/cms/user/zoiirene/UpgradeStudiesGtoWW/Phase2Official/Output/workdir_QCD_mass_P2PU/uhh2.AnalysisModuleRunner.MC.QCD_200PU_Puppi_mass_eta_JEC_puppitune_90.root
hadd Source file 92: /nfs/dust/cms/user/zoiirene/UpgradeStudiesGtoWW/Phase2Official/Output/workdir_QCD_mass_P2PU/uhh2.AnalysisModuleRunner.MC.QCD_200PU_Puppi_mass_eta_JEC_puppitune_91.root
hadd Source file 93: /nfs/dust/cms/user/zoiirene/UpgradeStudiesGtoWW/Phase2Official/Output/workdir_QCD_mass_P2PU/uhh2.AnalysisModuleRunner.MC.QCD_200PU_Puppi_mass_eta_JEC_puppitune_92.root
hadd Source file 94: /nfs/dust/cms/user/zoiirene/UpgradeStudiesGtoWW/Phase2Official/Output/workdir_QCD_mass_P2PU/uhh2.AnalysisModuleRunner.MC.QCD_200PU_Puppi_mass_eta_JEC_puppitune_93.root
hadd Source file 95: /nfs/dust/cms/user/zoiirene/UpgradeStudiesGtoWW/Phase2Official/Output/workdir_QCD_mass_P2PU/uhh2.AnalysisModuleRunner.MC.QCD_200PU_Puppi_mass_eta_JEC_puppitune_94.root
hadd Source file 96: /nfs/dust/cms/user/zoiirene/UpgradeStudiesGtoWW/Phase2Official/Output/workdir_QCD_mass_P2PU/uhh2.AnalysisModuleRunner.MC.QCD_200PU_Puppi_mass_eta_JEC_puppitune_95.root
hadd Source file 97: /nfs/dust/cms/user/zoiirene/UpgradeStudiesGtoWW/Phase2Official/Output/workdir_QCD_mass_P2PU/uhh2.AnalysisModuleRunner.MC.QCD_200PU_Puppi_mass_eta_JEC_puppitune_96.root
hadd Source file 98: /nfs/dust/cms/user/zoiirene/UpgradeStudiesGtoWW/Phase2Official/Output/workdir_QCD_mass_P2PU/uhh2.AnalysisModuleRunner.MC.QCD_200PU_Puppi_mass_eta_JEC_puppitune_97.root
hadd Source file 99: /nfs/dust/cms/user/zoiirene/UpgradeStudiesGtoWW/Phase2Official/Output/workdir_QCD_mass_P2PU/uhh2.AnalysisModuleRunner.MC.QCD_200PU_Puppi_mass_eta_JEC_puppitune_98.root
hadd Source file 100: /nfs/dust/cms/user/zoiirene/UpgradeStudiesGtoWW/Phase2Official/Output/workdir_QCD_mass_P2PU/uhh2.AnalysisModuleRunner.MC.QCD_200PU_Puppi_mass_eta_JEC_puppitune_99.root
hadd Source file 101: /nfs/dust/cms/user/zoiirene/UpgradeStudiesGtoWW/Phase2Official/Output/workdir_QCD_mass_P2PU/uhh2.AnalysisModuleRunner.MC.QCD_200PU_Puppi_mass_eta_JEC_puppitune_100.root
hadd Source file 102: /nfs/dust/cms/user/zoiirene/UpgradeStudiesGtoWW/Phase2Official/Output/workdir_QCD_mass_P2PU/uhh2.AnalysisModuleRunner.MC.QCD_200PU_Puppi_mass_eta_JEC_puppitune_101.root
hadd Source file 103: /nfs/dust/cms/user/zoiirene/UpgradeStudiesGtoWW/Phase2Official/Output/workdir_QCD_mass_P2PU/uhh2.AnalysisModuleRunner.MC.QCD_200PU_Puppi_mass_eta_JEC_puppitune_102.root
hadd Source file 104: /nfs/dust/cms/user/zoiirene/UpgradeStudiesGtoWW/Phase2Official/Output/workdir_QCD_mass_P2PU/uhh2.AnalysisModuleRunner.MC.QCD_200PU_Puppi_mass_eta_JEC_puppitune_103.root
hadd Source file 105: /nfs/dust/cms/user/zoiirene/UpgradeStudiesGtoWW/Phase2Official/Output/workdir_QCD_mass_P2PU/uhh2.AnalysisModuleRunner.MC.QCD_200PU_Puppi_mass_eta_JEC_puppitune_104.root
hadd Source file 106: /nfs/dust/cms/user/zoiirene/UpgradeStudiesGtoWW/Phase2Official/Output/workdir_QCD_mass_P2PU/uhh2.AnalysisModuleRunner.MC.QCD_200PU_Puppi_mass_eta_JEC_puppitune_105.root
hadd Source file 107: /nfs/dust/cms/user/zoiirene/UpgradeStudiesGtoWW/Phase2Official/Output/workdir_QCD_mass_P2PU/uhh2.AnalysisModuleRunner.MC.QCD_200PU_Puppi_mass_eta_JEC_puppitune_106.root
hadd Source file 108: /nfs/dust/cms/user/zoiirene/UpgradeStudiesGtoWW/Phase2Official/Output/workdir_QCD_mass_P2PU/uhh2.AnalysisModuleRunner.MC.QCD_200PU_Puppi_mass_eta_JEC_puppitune_107.root
hadd Source file 109: /nfs/dust/cms/user/zoiirene/UpgradeStudiesGtoWW/Phase2Official/Output/workdir_QCD_mass_P2PU/uhh2.AnalysisModuleRunner.MC.QCD_200PU_Puppi_mass_eta_JEC_puppitune_108.root
hadd Source file 110: /nfs/dust/cms/user/zoiirene/UpgradeStudiesGtoWW/Phase2Official/Output/workdir_QCD_mass_P2PU/uhh2.AnalysisModuleRunner.MC.QCD_200PU_Puppi_mass_eta_JEC_puppitune_109.root
hadd Source file 111: /nfs/dust/cms/user/zoiirene/UpgradeStudiesGtoWW/Phase2Official/Output/workdir_QCD_mass_P2PU/uhh2.AnalysisModuleRunner.MC.QCD_200PU_Puppi_mass_eta_JEC_puppitune_110.root
hadd Source file 112: /nfs/dust/cms/user/zoiirene/UpgradeStudiesGtoWW/Phase2Official/Output/workdir_QCD_mass_P2PU/uhh2.AnalysisModuleRunner.MC.QCD_200PU_Puppi_mass_eta_JEC_puppitune_111.root
hadd Source file 113: /nfs/dust/cms/user/zoiirene/UpgradeStudiesGtoWW/Phase2Official/Output/workdir_QCD_mass_P2PU/uhh2.AnalysisModuleRunner.MC.QCD_200PU_Puppi_mass_eta_JEC_puppitune_112.root
hadd Source file 114: /nfs/dust/cms/user/zoiirene/UpgradeStudiesGtoWW/Phase2Official/Output/workdir_QCD_mass_P2PU/uhh2.AnalysisModuleRunner.MC.QCD_200PU_Puppi_mass_eta_JEC_puppitune_113.root
hadd Source file 115: /nfs/dust/cms/user/zoiirene/UpgradeStudiesGtoWW/Phase2Official/Output/workdir_QCD_mass_P2PU/uhh2.AnalysisModuleRunner.MC.QCD_200PU_Puppi_mass_eta_JEC_puppitune_114.root
hadd Source file 116: /nfs/dust/cms/user/zoiirene/UpgradeStudiesGtoWW/Phase2Official/Output/workdir_QCD_mass_P2PU/uhh2.AnalysisModuleRunner.MC.QCD_200PU_Puppi_mass_eta_JEC_puppitune_115.root
hadd Source file 117: /nfs/dust/cms/user/zoiirene/UpgradeStudiesGtoWW/Phase2Official/Output/workdir_QCD_mass_P2PU/uhh2.AnalysisModuleRunner.MC.QCD_200PU_Puppi_mass_eta_JEC_puppitune_116.root
hadd Source file 118: /nfs/dust/cms/user/zoiirene/UpgradeStudiesGtoWW/Phase2Official/Output/workdir_QCD_mass_P2PU/uhh2.AnalysisModuleRunner.MC.QCD_200PU_Puppi_mass_eta_JEC_puppitune_117.root
hadd Source file 119: /nfs/dust/cms/user/zoiirene/UpgradeStudiesGtoWW/Phase2Official/Output/workdir_QCD_mass_P2PU/uhh2.AnalysisModuleRunner.MC.QCD_200PU_Puppi_mass_eta_JEC_puppitune_118.root
hadd Source file 120: /nfs/dust/cms/user/zoiirene/UpgradeStudiesGtoWW/Phase2Official/Output/workdir_QCD_mass_P2PU/uhh2.AnalysisModuleRunner.MC.QCD_200PU_Puppi_mass_eta_JEC_puppitune_119.root
hadd Source file 121: /nfs/dust/cms/user/zoiirene/UpgradeStudiesGtoWW/Phase2Official/Output/workdir_QCD_mass_P2PU/uhh2.AnalysisModuleRunner.MC.QCD_200PU_Puppi_mass_eta_JEC_puppitune_120.root
hadd Source file 122: /nfs/dust/cms/user/zoiirene/UpgradeStudiesGtoWW/Phase2Official/Output/workdir_QCD_mass_P2PU/uhh2.AnalysisModuleRunner.MC.QCD_200PU_Puppi_mass_eta_JEC_puppitune_121.root
hadd Source file 123: /nfs/dust/cms/user/zoiirene/UpgradeStudiesGtoWW/Phase2Official/Output/workdir_QCD_mass_P2PU/uhh2.AnalysisModuleRunner.MC.QCD_200PU_Puppi_mass_eta_JEC_puppitune_122.root
hadd Source file 124: /nfs/dust/cms/user/zoiirene/UpgradeStudiesGtoWW/Phase2Official/Output/workdir_QCD_mass_P2PU/uhh2.AnalysisModuleRunner.MC.QCD_200PU_Puppi_mass_eta_JEC_puppitune_123.root
hadd Source file 125: /nfs/dust/cms/user/zoiirene/UpgradeStudiesGtoWW/Phase2Official/Output/workdir_QCD_mass_P2PU/uhh2.AnalysisModuleRunner.MC.QCD_200PU_Puppi_mass_eta_JEC_puppitune_124.root
hadd Source file 126: /nfs/dust/cms/user/zoiirene/UpgradeStudiesGtoWW/Phase2Official/Output/workdir_QCD_mass_P2PU/uhh2.AnalysisModuleRunner.MC.QCD_200PU_Puppi_mass_eta_JEC_puppitune_125.root
hadd Source file 127: /nfs/dust/cms/user/zoiirene/UpgradeStudiesGtoWW/Phase2Official/Output/workdir_QCD_mass_P2PU/uhh2.AnalysisModuleRunner.MC.QCD_200PU_Puppi_mass_eta_JEC_puppitune_126.root
hadd Source file 128: /nfs/dust/cms/user/zoiirene/UpgradeStudiesGtoWW/Phase2Official/Output/workdir_QCD_mass_P2PU/uhh2.AnalysisModuleRunner.MC.QCD_200PU_Puppi_mass_eta_JEC_puppitune_127.root
hadd Source file 129: /nfs/dust/cms/user/zoiirene/UpgradeStudiesGtoWW/Phase2Official/Output/workdir_QCD_mass_P2PU/uhh2.AnalysisModuleRunner.MC.QCD_200PU_Puppi_mass_eta_JEC_puppitune_128.root
hadd Source file 130: /nfs/dust/cms/user/zoiirene/UpgradeStudiesGtoWW/Phase2Official/Output/workdir_QCD_mass_P2PU/uhh2.AnalysisModuleRunner.MC.QCD_200PU_Puppi_mass_eta_JEC_puppitune_129.root
hadd Source file 131: /nfs/dust/cms/user/zoiirene/UpgradeStudiesGtoWW/Phase2Official/Output/workdir_QCD_mass_P2PU/uhh2.AnalysisModuleRunner.MC.QCD_200PU_Puppi_mass_eta_JEC_puppitune_130.root
hadd Source file 132: /nfs/dust/cms/user/zoiirene/UpgradeStudiesGtoWW/Phase2Official/Output/workdir_QCD_mass_P2PU/uhh2.AnalysisModuleRunner.MC.QCD_200PU_Puppi_mass_eta_JEC_puppitune_131.root
hadd Source file 133: /nfs/dust/cms/user/zoiirene/UpgradeStudiesGtoWW/Phase2Official/Output/workdir_QCD_mass_P2PU/uhh2.AnalysisModuleRunner.MC.QCD_200PU_Puppi_mass_eta_JEC_puppitune_132.root
hadd Source file 134: /nfs/dust/cms/user/zoiirene/UpgradeStudiesGtoWW/Phase2Official/Output/workdir_QCD_mass_P2PU/uhh2.AnalysisModuleRunner.MC.QCD_200PU_Puppi_mass_eta_JEC_puppitune_133.root
hadd Source file 135: /nfs/dust/cms/user/zoiirene/UpgradeStudiesGtoWW/Phase2Official/Output/workdir_QCD_mass_P2PU/uhh2.AnalysisModuleRunner.MC.QCD_200PU_Puppi_mass_eta_JEC_puppitune_134.root
hadd Source file 136: /nfs/dust/cms/user/zoiirene/UpgradeStudiesGtoWW/Phase2Official/Output/workdir_QCD_mass_P2PU/uhh2.AnalysisModuleRunner.MC.QCD_200PU_Puppi_mass_eta_JEC_puppitune_135.root
hadd Source file 137: /nfs/dust/cms/user/zoiirene/UpgradeStudiesGtoWW/Phase2Official/Output/workdir_QCD_mass_P2PU/uhh2.AnalysisModuleRunner.MC.QCD_200PU_Puppi_mass_eta_JEC_puppitune_136.root
hadd Source file 138: /nfs/dust/cms/user/zoiirene/UpgradeStudiesGtoWW/Phase2Official/Output/workdir_QCD_mass_P2PU/uhh2.AnalysisModuleRunner.MC.QCD_200PU_Puppi_mass_eta_JEC_puppitune_137.root
hadd Source file 139: /nfs/dust/cms/user/zoiirene/UpgradeStudiesGtoWW/Phase2Official/Output/workdir_QCD_mass_P2PU/uhh2.AnalysisModuleRunner.MC.QCD_200PU_Puppi_mass_eta_JEC_puppitune_138.root
hadd Source file 140: /nfs/dust/cms/user/zoiirene/UpgradeStudiesGtoWW/Phase2Official/Output/workdir_QCD_mass_P2PU/uhh2.AnalysisModuleRunner.MC.QCD_200PU_Puppi_mass_eta_JEC_puppitune_139.root
hadd Source file 141: /nfs/dust/cms/user/zoiirene/UpgradeStudiesGtoWW/Phase2Official/Output/workdir_QCD_mass_P2PU/uhh2.AnalysisModuleRunner.MC.QCD_200PU_Puppi_mass_eta_JEC_puppitune_140.root
hadd Source file 142: /nfs/dust/cms/user/zoiirene/UpgradeStudiesGtoWW/Phase2Official/Output/workdir_QCD_mass_P2PU/uhh2.AnalysisModuleRunner.MC.QCD_200PU_Puppi_mass_eta_JEC_puppitune_141.root
hadd Source file 143: /nfs/dust/cms/user/zoiirene/UpgradeStudiesGtoWW/Phase2Official/Output/workdir_QCD_mass_P2PU/uhh2.AnalysisModuleRunner.MC.QCD_200PU_Puppi_mass_eta_JEC_puppitune_142.root
hadd Source file 144: /nfs/dust/cms/user/zoiirene/UpgradeStudiesGtoWW/Phase2Official/Output/workdir_QCD_mass_P2PU/uhh2.AnalysisModuleRunner.MC.QCD_200PU_Puppi_mass_eta_JEC_puppitune_143.root
hadd Source file 145: /nfs/dust/cms/user/zoiirene/UpgradeStudiesGtoWW/Phase2Official/Output/workdir_QCD_mass_P2PU/uhh2.AnalysisModuleRunner.MC.QCD_200PU_Puppi_mass_eta_JEC_puppitune_144.root
hadd Source file 146: /nfs/dust/cms/user/zoiirene/UpgradeStudiesGtoWW/Phase2Official/Output/workdir_QCD_mass_P2PU/uhh2.AnalysisModuleRunner.MC.QCD_200PU_Puppi_mass_eta_JEC_puppitune_145.root
hadd Source file 147: /nfs/dust/cms/user/zoiirene/UpgradeStudiesGtoWW/Phase2Official/Output/workdir_QCD_mass_P2PU/uhh2.AnalysisModuleRunner.MC.QCD_200PU_Puppi_mass_eta_JEC_puppitune_146.root
hadd Source file 148: /nfs/dust/cms/user/zoiirene/UpgradeStudiesGtoWW/Phase2Official/Output/workdir_QCD_mass_P2PU/uhh2.AnalysisModuleRunner.MC.QCD_200PU_Puppi_mass_eta_JEC_puppitune_147.root
hadd Source file 149: /nfs/dust/cms/user/zoiirene/UpgradeStudiesGtoWW/Phase2Official/Output/workdir_QCD_mass_P2PU/uhh2.AnalysisModuleRunner.MC.QCD_200PU_Puppi_mass_eta_JEC_puppitune_148.root
hadd Source file 150: /nfs/dust/cms/user/zoiirene/UpgradeStudiesGtoWW/Phase2Official/Output/workdir_QCD_mass_P2PU/uhh2.AnalysisModuleRunner.MC.QCD_200PU_Puppi_mass_eta_JEC_puppitune_149.root
hadd Source file 151: /nfs/dust/cms/user/zoiirene/UpgradeStudiesGtoWW/Phase2Official/Output/workdir_QCD_mass_P2PU/uhh2.AnalysisModuleRunner.MC.QCD_200PU_Puppi_mass_eta_JEC_puppitune_150.root
hadd Source file 152: /nfs/dust/cms/user/zoiirene/UpgradeStudiesGtoWW/Phase2Official/Output/workdir_QCD_mass_P2PU/uhh2.AnalysisModuleRunner.MC.QCD_200PU_Puppi_mass_eta_JEC_puppitune_151.root
hadd Source file 153: /nfs/dust/cms/user/zoiirene/UpgradeStudiesGtoWW/Phase2Official/Output/workdir_QCD_mass_P2PU/uhh2.AnalysisModuleRunner.MC.QCD_200PU_Puppi_mass_eta_JEC_puppitune_152.root
hadd Source file 154: /nfs/dust/cms/user/zoiirene/UpgradeStudiesGtoWW/Phase2Official/Output/workdir_QCD_mass_P2PU/uhh2.AnalysisModuleRunner.MC.QCD_200PU_Puppi_mass_eta_JEC_puppitune_153.root
hadd Source file 155: /nfs/dust/cms/user/zoiirene/UpgradeStudiesGtoWW/Phase2Official/Output/workdir_QCD_mass_P2PU/uhh2.AnalysisModuleRunner.MC.QCD_200PU_Puppi_mass_eta_JEC_puppitune_154.root
hadd Source file 156: /nfs/dust/cms/user/zoiirene/UpgradeStudiesGtoWW/Phase2Official/Output/workdir_QCD_mass_P2PU/uhh2.AnalysisModuleRunner.MC.QCD_200PU_Puppi_mass_eta_JEC_puppitune_155.root
hadd Source file 157: /nfs/dust/cms/user/zoiirene/UpgradeStudiesGtoWW/Phase2Official/Output/workdir_QCD_mass_P2PU/uhh2.AnalysisModuleRunner.MC.QCD_200PU_Puppi_mass_eta_JEC_puppitune_156.root
hadd Source file 158: /nfs/dust/cms/user/zoiirene/UpgradeStudiesGtoWW/Phase2Official/Output/workdir_QCD_mass_P2PU/uhh2.AnalysisModuleRunner.MC.QCD_200PU_Puppi_mass_eta_JEC_puppitune_157.root
hadd Source file 159: /nfs/dust/cms/user/zoiirene/UpgradeStudiesGtoWW/Phase2Official/Output/workdir_QCD_mass_P2PU/uhh2.AnalysisModuleRunner.MC.QCD_200PU_Puppi_mass_eta_JEC_puppitune_158.root
hadd Source file 160: /nfs/dust/cms/user/zoiirene/UpgradeStudiesGtoWW/Phase2Official/Output/workdir_QCD_mass_P2PU/uhh2.AnalysisModuleRunner.MC.QCD_200PU_Puppi_mass_eta_JEC_puppitune_159.root
hadd Source file 161: /nfs/dust/cms/user/zoiirene/UpgradeStudiesGtoWW/Phase2Official/Output/workdir_QCD_mass_P2PU/uhh2.AnalysisModuleRunner.MC.QCD_200PU_Puppi_mass_eta_JEC_puppitune_160.root
hadd Source file 162: /nfs/dust/cms/user/zoiirene/UpgradeStudiesGtoWW/Phase2Official/Output/workdir_QCD_mass_P2PU/uhh2.AnalysisModuleRunner.MC.QCD_200PU_Puppi_mass_eta_JEC_puppitune_161.root
hadd Source file 163: /nfs/dust/cms/user/zoiirene/UpgradeStudiesGtoWW/Phase2Official/Output/workdir_QCD_mass_P2PU/uhh2.AnalysisModuleRunner.MC.QCD_200PU_Puppi_mass_eta_JEC_puppitune_162.root
hadd Source file 164: /nfs/dust/cms/user/zoiirene/UpgradeStudiesGtoWW/Phase2Official/Output/workdir_QCD_mass_P2PU/uhh2.AnalysisModuleRunner.MC.QCD_200PU_Puppi_mass_eta_JEC_puppitune_163.root
hadd Source file 165: /nfs/dust/cms/user/zoiirene/UpgradeStudiesGtoWW/Phase2Official/Output/workdir_QCD_mass_P2PU/uhh2.AnalysisModuleRunner.MC.QCD_200PU_Puppi_mass_eta_JEC_puppitune_164.root
hadd Source file 166: /nfs/dust/cms/user/zoiirene/UpgradeStudiesGtoWW/Phase2Official/Output/workdir_QCD_mass_P2PU/uhh2.AnalysisModuleRunner.MC.QCD_200PU_Puppi_mass_eta_JEC_puppitune_165.root
hadd Source file 167: /nfs/dust/cms/user/zoiirene/UpgradeStudiesGtoWW/Phase2Official/Output/workdir_QCD_mass_P2PU/uhh2.AnalysisModuleRunner.MC.QCD_200PU_Puppi_mass_eta_JEC_puppitune_166.root
hadd Source file 168: /nfs/dust/cms/user/zoiirene/UpgradeStudiesGtoWW/Phase2Official/Output/workdir_QCD_mass_P2PU/uhh2.AnalysisModuleRunner.MC.QCD_200PU_Puppi_mass_eta_JEC_puppitune_167.root
hadd Source file 169: /nfs/dust/cms/user/zoiirene/UpgradeStudiesGtoWW/Phase2Official/Output/workdir_QCD_mass_P2PU/uhh2.AnalysisModuleRunner.MC.QCD_200PU_Puppi_mass_eta_JEC_puppitune_168.root
hadd Source file 170: /nfs/dust/cms/user/zoiirene/UpgradeStudiesGtoWW/Phase2Official/Output/workdir_QCD_mass_P2PU/uhh2.AnalysisModuleRunner.MC.QCD_200PU_Puppi_mass_eta_JEC_puppitune_169.root
hadd Source file 171: /nfs/dust/cms/user/zoiirene/UpgradeStudiesGtoWW/Phase2Official/Output/workdir_QCD_mass_P2PU/uhh2.AnalysisModuleRunner.MC.QCD_200PU_Puppi_mass_eta_JEC_puppitune_170.root
hadd Source file 172: /nfs/dust/cms/user/zoiirene/UpgradeStudiesGtoWW/Phase2Official/Output/workdir_QCD_mass_P2PU/uhh2.AnalysisModuleRunner.MC.QCD_200PU_Puppi_mass_eta_JEC_puppitune_171.root
hadd Source file 173: /nfs/dust/cms/user/zoiirene/UpgradeStudiesGtoWW/Phase2Official/Output/workdir_QCD_mass_P2PU/uhh2.AnalysisModuleRunner.MC.QCD_200PU_Puppi_mass_eta_JEC_puppitune_172.root
hadd Source file 174: /nfs/dust/cms/user/zoiirene/UpgradeStudiesGtoWW/Phase2Official/Output/workdir_QCD_mass_P2PU/uhh2.AnalysisModuleRunner.MC.QCD_200PU_Puppi_mass_eta_JEC_puppitune_173.root
hadd Source file 175: /nfs/dust/cms/user/zoiirene/UpgradeStudiesGtoWW/Phase2Official/Output/workdir_QCD_mass_P2PU/uhh2.AnalysisModuleRunner.MC.QCD_200PU_Puppi_mass_eta_JEC_puppitune_174.root
hadd Source file 176: /nfs/dust/cms/user/zoiirene/UpgradeStudiesGtoWW/Phase2Official/Output/workdir_QCD_mass_P2PU/uhh2.AnalysisModuleRunner.MC.QCD_200PU_Puppi_mass_eta_JEC_puppitune_175.root
hadd Source file 177: /nfs/dust/cms/user/zoiirene/UpgradeStudiesGtoWW/Phase2Official/Output/workdir_QCD_mass_P2PU/uhh2.AnalysisModuleRunner.MC.QCD_200PU_Puppi_mass_eta_JEC_puppitune_176.root
hadd Source file 178: /nfs/dust/cms/user/zoiirene/UpgradeStudiesGtoWW/Phase2Official/Output/workdir_QCD_mass_P2PU/uhh2.AnalysisModuleRunner.MC.QCD_200PU_Puppi_mass_eta_JEC_puppitune_177.root
hadd Source file 179: /nfs/dust/cms/user/zoiirene/UpgradeStudiesGtoWW/Phase2Official/Output/workdir_QCD_mass_P2PU/uhh2.AnalysisModuleRunner.MC.QCD_200PU_Puppi_mass_eta_JEC_puppitune_178.root
hadd Source file 180: /nfs/dust/cms/user/zoiirene/UpgradeStudiesGtoWW/Phase2Official/Output/workdir_QCD_mass_P2PU/uhh2.AnalysisModuleRunner.MC.QCD_200PU_Puppi_mass_eta_JEC_puppitune_179.root
hadd Source file 181: /nfs/dust/cms/user/zoiirene/UpgradeStudiesGtoWW/Phase2Official/Output/workdir_QCD_mass_P2PU/uhh2.AnalysisModuleRunner.MC.QCD_200PU_Puppi_mass_eta_JEC_puppitune_180.root
hadd Source file 182: /nfs/dust/cms/user/zoiirene/UpgradeStudiesGtoWW/Phase2Official/Output/workdir_QCD_mass_P2PU/uhh2.AnalysisModuleRunner.MC.QCD_200PU_Puppi_mass_eta_JEC_puppitune_181.root
hadd Source file 183: /nfs/dust/cms/user/zoiirene/UpgradeStudiesGtoWW/Phase2Official/Output/workdir_QCD_mass_P2PU/uhh2.AnalysisModuleRunner.MC.QCD_200PU_Puppi_mass_eta_JEC_puppitune_182.root
hadd Source file 184: /nfs/dust/cms/user/zoiirene/UpgradeStudiesGtoWW/Phase2Official/Output/workdir_QCD_mass_P2PU/uhh2.AnalysisModuleRunner.MC.QCD_200PU_Puppi_mass_eta_JEC_puppitune_183.root
hadd Source file 185: /nfs/dust/cms/user/zoiirene/UpgradeStudiesGtoWW/Phase2Official/Output/workdir_QCD_mass_P2PU/uhh2.AnalysisModuleRunner.MC.QCD_200PU_Puppi_mass_eta_JEC_puppitune_184.root
hadd Source file 186: /nfs/dust/cms/user/zoiirene/UpgradeStudiesGtoWW/Phase2Official/Output/workdir_QCD_mass_P2PU/uhh2.AnalysisModuleRunner.MC.QCD_200PU_Puppi_mass_eta_JEC_puppitune_185.root
hadd Source file 187: /nfs/dust/cms/user/zoiirene/UpgradeStudiesGtoWW/Phase2Official/Output/workdir_QCD_mass_P2PU/uhh2.AnalysisModuleRunner.MC.QCD_200PU_Puppi_mass_eta_JEC_puppitune_186.root
hadd Source file 188: /nfs/dust/cms/user/zoiirene/UpgradeStudiesGtoWW/Phase2Official/Output/workdir_QCD_mass_P2PU/uhh2.AnalysisModuleRunner.MC.QCD_200PU_Puppi_mass_eta_JEC_puppitune_187.root
hadd Source file 189: /nfs/dust/cms/user/zoiirene/UpgradeStudiesGtoWW/Phase2Official/Output/workdir_QCD_mass_P2PU/uhh2.AnalysisModuleRunner.MC.QCD_200PU_Puppi_mass_eta_JEC_puppitune_188.root
hadd Source file 190: /nfs/dust/cms/user/zoiirene/UpgradeStudiesGtoWW/Phase2Official/Output/workdir_QCD_mass_P2PU/uhh2.AnalysisModuleRunner.MC.QCD_200PU_Puppi_mass_eta_JEC_puppitune_189.root
hadd Source file 191: /nfs/dust/cms/user/zoiirene/UpgradeStudiesGtoWW/Phase2Official/Output/workdir_QCD_mass_P2PU/uhh2.AnalysisModuleRunner.MC.QCD_200PU_Puppi_mass_eta_JEC_puppitune_190.root
hadd Source file 192: /nfs/dust/cms/user/zoiirene/UpgradeStudiesGtoWW/Phase2Official/Output/workdir_QCD_mass_P2PU/uhh2.AnalysisModuleRunner.MC.QCD_200PU_Puppi_mass_eta_JEC_puppitune_191.root
hadd Source file 193: /nfs/dust/cms/user/zoiirene/UpgradeStudiesGtoWW/Phase2Official/Output/workdir_QCD_mass_P2PU/uhh2.AnalysisModuleRunner.MC.QCD_200PU_Puppi_mass_eta_JEC_puppitune_192.root
hadd Source file 194: /nfs/dust/cms/user/zoiirene/UpgradeStudiesGtoWW/Phase2Official/Output/workdir_QCD_mass_P2PU/uhh2.AnalysisModuleRunner.MC.QCD_200PU_Puppi_mass_eta_JEC_puppitune_193.root
hadd Source file 195: /nfs/dust/cms/user/zoiirene/UpgradeStudiesGtoWW/Phase2Official/Output/workdir_QCD_mass_P2PU/uhh2.AnalysisModuleRunner.MC.QCD_200PU_Puppi_mass_eta_JEC_puppitune_194.root
hadd Source file 196: /nfs/dust/cms/user/zoiirene/UpgradeStudiesGtoWW/Phase2Official/Output/workdir_QCD_mass_P2PU/uhh2.AnalysisModuleRunner.MC.QCD_200PU_Puppi_mass_eta_JEC_puppitune_195.root
hadd Source file 197: /nfs/dust/cms/user/zoiirene/UpgradeStudiesGtoWW/Phase2Official/Output/workdir_QCD_mass_P2PU/uhh2.AnalysisModuleRunner.MC.QCD_200PU_Puppi_mass_eta_JEC_puppitune_196.root
hadd Source file 198: /nfs/dust/cms/user/zoiirene/UpgradeStudiesGtoWW/Phase2Official/Output/workdir_QCD_mass_P2PU/uhh2.AnalysisModuleRunner.MC.QCD_200PU_Puppi_mass_eta_JEC_puppitune_197.root
hadd Source file 199: /nfs/dust/cms/user/zoiirene/UpgradeStudiesGtoWW/Phase2Official/Output/workdir_QCD_mass_P2PU/uhh2.AnalysisModuleRunner.MC.QCD_200PU_Puppi_mass_eta_JEC_puppitune_198.root
hadd Source file 200: /nfs/dust/cms/user/zoiirene/UpgradeStudiesGtoWW/Phase2Official/Output/workdir_QCD_mass_P2PU/uhh2.AnalysisModuleRunner.MC.QCD_200PU_Puppi_mass_eta_JEC_puppitune_199.root
hadd Target path: /nfs/dust/cms/user/zoiirene/UpgradeStudiesGtoWW/Phase2Official/Output/uhh2.AnalysisModuleRunner.MC.QCD_200PU_Puppi_mass_eta_JEC_puppitune.root:/
hadd Target path: /nfs/dust/cms/user/zoiirene/UpgradeStudiesGtoWW/Phase2Official/Output/uhh2.AnalysisModuleRunner.MC.QCD_200PU_Puppi_mass_eta_JEC_puppitune.root:/SFrame
hadd Target path: /nfs/dust/cms/user/zoiirene/UpgradeStudiesGtoWW/Phase2Official/Output/uhh2.AnalysisModuleRunner.MC.QCD_200PU_Puppi_mass_eta_JEC_puppitune.root:/start_ak8
hadd Target path: /nfs/dust/cms/user/zoiirene/UpgradeStudiesGtoWW/Phase2Official/Output/uhh2.AnalysisModuleRunner.MC.QCD_200PU_Puppi_mass_eta_JEC_puppitune.root:/Qstar
hadd Target path: /nfs/dust/cms/user/zoiirene/UpgradeStudiesGtoWW/Phase2Official/Output/uhh2.AnalysisModuleRunner.MC.QCD_200PU_Puppi_mass_eta_JEC_puppitune.root:/Qstar_barrel
hadd Target path: /nfs/dust/cms/user/zoiirene/UpgradeStudiesGtoWW/Phase2Official/Output/uhh2.AnalysisModuleRunner.MC.QCD_200PU_Puppi_mass_eta_JEC_puppitune.root:/Qstar_endcap
hadd Target path: /nfs/dust/cms/user/zoiirene/UpgradeStudiesGtoWW/Phase2Official/Output/uhh2.AnalysisModuleRunner.MC.QCD_200PU_Puppi_mass_eta_JEC_puppitune.root:/qcd_lowPt
hadd Target path: /nfs/dust/cms/user/zoiirene/UpgradeStudiesGtoWW/Phase2Official/Output/uhh2.AnalysisModuleRunner.MC.QCD_200PU_Puppi_mass_eta_JEC_puppitune.root:/qcd_lowPt_barrel
hadd Target path: /nfs/dust/cms/user/zoiirene/UpgradeStudiesGtoWW/Phase2Official/Output/uhh2.AnalysisModuleRunner.MC.QCD_200PU_Puppi_mass_eta_JEC_puppitune.root:/qcd_lowPt_endcap
hadd Target path: /nfs/dust/cms/user/zoiirene/UpgradeStudiesGtoWW/Phase2Official/Output/uhh2.AnalysisModuleRunner.MC.QCD_200PU_Puppi_mass_eta_JEC_puppitune.root:/qcd_mediumPt
hadd Target path: /nfs/dust/cms/user/zoiirene/UpgradeStudiesGtoWW/Phase2Official/Output/uhh2.AnalysisModuleRunner.MC.QCD_200PU_Puppi_mass_eta_JEC_puppitune.root:/qcd_mediumPt_barrel
hadd Target path: /nfs/dust/cms/user/zoiirene/UpgradeStudiesGtoWW/Phase2Official/Output/uhh2.AnalysisModuleRunner.MC.QCD_200PU_Puppi_mass_eta_JEC_puppitune.root:/qcd_mediumPt_endcap
hadd Target path: /nfs/dust/cms/user/zoiirene/UpgradeStudiesGtoWW/Phase2Official/Output/uhh2.AnalysisModuleRunner.MC.QCD_200PU_Puppi_mass_eta_JEC_puppitune.root:/qcd_highPt
hadd Target path: /nfs/dust/cms/user/zoiirene/UpgradeStudiesGtoWW/Phase2Official/Output/uhh2.AnalysisModuleRunner.MC.QCD_200PU_Puppi_mass_eta_JEC_puppitune.root:/qcd_highPt_barrel
hadd Target path: /nfs/dust/cms/user/zoiirene/UpgradeStudiesGtoWW/Phase2Official/Output/uhh2.AnalysisModuleRunner.MC.QCD_200PU_Puppi_mass_eta_JEC_puppitune.root:/qcd_highPt_endcap
hadd Target path: /nfs/dust/cms/user/zoiirene/UpgradeStudiesGtoWW/Phase2Official/Output/uhh2.AnalysisModuleRunner.MC.QCD_200PU_Puppi_mass_eta_JEC_puppitune.root:/qcd_minPt
hadd Target path: /nfs/dust/cms/user/zoiirene/UpgradeStudiesGtoWW/Phase2Official/Output/uhh2.AnalysisModuleRunner.MC.QCD_200PU_Puppi_mass_eta_JEC_puppitune.root:/qcd_minPt_barrel
hadd Target path: /nfs/dust/cms/user/zoiirene/UpgradeStudiesGtoWW/Phase2Official/Output/uhh2.AnalysisModuleRunner.MC.QCD_200PU_Puppi_mass_eta_JEC_puppitune.root:/qcd_minPt_endcap
hadd Target path: /nfs/dust/cms/user/zoiirene/UpgradeStudiesGtoWW/Phase2Official/Output/uhh2.AnalysisModuleRunner.MC.QCD_200PU_Puppi_mass_eta_JEC_puppitune.root:/qcd_medPt
hadd Target path: /nfs/dust/cms/user/zoiirene/UpgradeStudiesGtoWW/Phase2Official/Output/uhh2.AnalysisModuleRunner.MC.QCD_200PU_Puppi_mass_eta_JEC_puppitune.root:/qcd_medPt_barrel
hadd Target path: /nfs/dust/cms/user/zoiirene/UpgradeStudiesGtoWW/Phase2Official/Output/uhh2.AnalysisModuleRunner.MC.QCD_200PU_Puppi_mass_eta_JEC_puppitune.root:/qcd_medPt_endcap
hadd Target path: /nfs/dust/cms/user/zoiirene/UpgradeStudiesGtoWW/Phase2Official/Output/uhh2.AnalysisModuleRunner.MC.QCD_200PU_Puppi_mass_eta_JEC_puppitune.root:/qcd_maxPt
hadd Target path: /nfs/dust/cms/user/zoiirene/UpgradeStudiesGtoWW/Phase2Official/Output/uhh2.AnalysisModuleRunner.MC.QCD_200PU_Puppi_mass_eta_JEC_puppitune.root:/qcd_maxPt_barrel
hadd Target path: /nfs/dust/cms/user/zoiirene/UpgradeStudiesGtoWW/Phase2Official/Output/uhh2.AnalysisModuleRunner.MC.QCD_200PU_Puppi_mass_eta_JEC_puppitune.root:/qcd_maxPt_endcap
hadd Target path: /nfs/dust/cms/user/zoiirene/UpgradeStudiesGtoWW/Phase2Official/Output/uhh2.AnalysisModuleRunner.MC.QCD_200PU_Puppi_mass_eta_JEC_puppitune.root:/slimmedGenJet_nocuts
hadd Target path: /nfs/dust/cms/user/zoiirene/UpgradeStudiesGtoWW/Phase2Official/Output/uhh2.AnalysisModuleRunner.MC.QCD_200PU_Puppi_mass_eta_JEC_puppitune.root:/slimmedJet_nocuts
hadd Target path: /nfs/dust/cms/user/zoiirene/UpgradeStudiesGtoWW/Phase2Official/Output/uhh2.AnalysisModuleRunner.MC.QCD_200PU_Puppi_mass_eta_JEC_puppitune.root:/slimmedJetAK8_SoftDrop_nocuts
hadd Target path: /nfs/dust/cms/user/zoiirene/UpgradeStudiesGtoWW/Phase2Official/Output/uhh2.AnalysisModuleRunner.MC.QCD_200PU_Puppi_mass_eta_JEC_puppitune.root:/slimmedJetAK8_SoftDrop_ptLow
hadd Target path: /nfs/dust/cms/user/zoiirene/UpgradeStudiesGtoWW/Phase2Official/Output/uhh2.AnalysisModuleRunner.MC.QCD_200PU_Puppi_mass_eta_JEC_puppitune.root:/slimmedJetAK8_SoftDrop_ptMedium
hadd Target path: /nfs/dust/cms/user/zoiirene/UpgradeStudiesGtoWW/Phase2Official/Output/uhh2.AnalysisModuleRunner.MC.QCD_200PU_Puppi_mass_eta_JEC_puppitune.root:/slimmedJetAK8_SoftDrop_ptHigh
hadd Target path: /nfs/dust/cms/user/zoiirene/UpgradeStudiesGtoWW/Phase2Official/Output/uhh2.AnalysisModuleRunner.MC.QCD_200PU_Puppi_mass_eta_JEC_puppitune.root:/slimmedJetAK8_SoftDrop_ptLow_Barrel
hadd Target path: /nfs/dust/cms/user/zoiirene/UpgradeStudiesGtoWW/Phase2Official/Output/uhh2.AnalysisModuleRunner.MC.QCD_200PU_Puppi_mass_eta_JEC_puppitune.root:/slimmedJetAK8_SoftDrop_ptMedium_Barrel
hadd Target path: /nfs/dust/cms/user/zoiirene/UpgradeStudiesGtoWW/Phase2Official/Output/uhh2.AnalysisModuleRunner.MC.QCD_200PU_Puppi_mass_eta_JEC_puppitune.root:/slimmedJetAK8_SoftDrop_ptHigh_Barrel
hadd Target path: /nfs/dust/cms/user/zoiirene/UpgradeStudiesGtoWW/Phase2Official/Output/uhh2.AnalysisModuleRunner.MC.QCD_200PU_Puppi_mass_eta_JEC_puppitune.root:/slimmedJetAK8_SoftDrop_ptLow_Endcap
hadd Target path: /nfs/dust/cms/user/zoiirene/UpgradeStudiesGtoWW/Phase2Official/Output/uhh2.AnalysisModuleRunner.MC.QCD_200PU_Puppi_mass_eta_JEC_puppitune.root:/slimmedJetAK8_SoftDrop_ptMedium_Endcap
hadd Target path: /nfs/dust/cms/user/zoiirene/UpgradeStudiesGtoWW/Phase2Official/Output/uhh2.AnalysisModuleRunner.MC.QCD_200PU_Puppi_mass_eta_JEC_puppitune.root:/slimmedJetAK8_SoftDrop_ptHigh_Endcap
hadd Target path: /nfs/dust/cms/user/zoiirene/UpgradeStudiesGtoWW/Phase2Official/Output/uhh2.AnalysisModuleRunner.MC.QCD_200PU_Puppi_mass_eta_JEC_puppitune.root:/slimmedJetAK8_SoftDrop_SDmass
hadd Target path: /nfs/dust/cms/user/zoiirene/UpgradeStudiesGtoWW/Phase2Official/Output/uhh2.AnalysisModuleRunner.MC.QCD_200PU_Puppi_mass_eta_JEC_puppitune.root:/GenJetAK8_SoftDrop_nocuts
