Adding groomed genjets  ak8GenJetsSoftDrop
Adding ungroomed genjets  ak8GenJets
Adding ungroomed patJetsAk8CHSJets
adding grommed jets patJetsAk8CHSJetsSoftDrop
adding grommed jets' subjets patJetsAk8CHSJetsSoftDropSubjets
Adding groomed genjets  ak8GenJetsSoftDrop
Adding ungroomed genjets  ak8GenJetsFat
Adding ungroomed patJetsAk8PuppiJetsFat
adding grommed jets patJetsAk8PuppiJetsSoftDrop
adding grommed jets' subjets patJetsAk8PuppiJetsSoftDropSubjets
Adding groomed genjets  ak8GenJetsPruned
Adding ungroomed genjets  ak8GenJets
adding grommed jets patJetsAk8CHSJetsPruned
adding grommed jets' subjets patJetsAk8CHSJetsPrunedSubjets
Switching PV collection for PF2PAT: cms.InputTag("offlineSlimmedPrimaryVertices")
***********************************
DEBUG 2017-11-20 10:19:52,450: 	 Executing command: 'submit'
DEBUG 2017-11-20 10:19:52,450: 	 Found CRAB cache file /afs/desy.de/user/z/zoiirene/.crab3
DEBUG 2017-11-20 10:19:52,455: 	 Checking credentials
DEBUG 2017-11-20 10:19:52,455: 	 Found proxy file /tmp/x509up_u28517
DEBUG 2017-11-20 10:19:52,455: 	 Getting proxy life time left
DEBUG 2017-11-20 10:19:52,958: 	 Executing : 
 command : voms-proxy-info -file /tmp/x509up_u28517 -timeleft
 output : 38082

 error: 
 retcode : 0
DEBUG 2017-11-20 10:19:53,361: 	 Executing : 
 command : voms-proxy-info -file /tmp/x509up_u28517 -actimeleft
 output : 38081

 error: 
 retcode : 0
DEBUG 2017-11-20 10:19:53,362: 	 Proxy valid for 10:34:42 hours
INFO 2017-11-20 10:19:53,362: 	 Will use CRAB configuration file crab_VBF_Graviton_2000_93X_upgrade2023.py
DEBUG 2017-11-20 10:19:53,362: 	 Loading CRAB configuration file.
DEBUG 2017-11-20 10:19:56,031: 	 Will use CRAB Analysis plugin (i.e. will run an analysis job type).
DEBUG 2017-11-20 10:19:56,157: 	 Executing : 
 command : openssl x509 -in ~/.globus/usercert.pem -subject -noout
 output : subject= /C=DE/O=GermanGrid/OU=uni-hamburg/CN=Zoi Irene

 error: 
 retcode : 0
DEBUG 2017-11-20 10:19:56,157: 	 Checking credentials
DEBUG 2017-11-20 10:19:56,157: 	 Found proxy file /tmp/x509up_u28517
DEBUG 2017-11-20 10:19:56,157: 	 Getting proxy life time left
DEBUG 2017-11-20 10:19:56,560: 	 Executing : 
 command : voms-proxy-info -file /tmp/x509up_u28517 -timeleft
 output : 38078

 error: 
 retcode : 0
DEBUG 2017-11-20 10:19:56,963: 	 Executing : 
 command : voms-proxy-info -file /tmp/x509up_u28517 -actimeleft
 output : 38078

 error: 
 retcode : 0
DEBUG 2017-11-20 10:19:56,963: 	 Proxy valid for 10:34:38 hours
DEBUG 2017-11-20 10:19:57,366: 	 Executing : 
 command : env X509_USER_PROXY=/tmp/x509up_u28517 voms-proxy-info -fqan
 output : /cms/Role=NULL/Capability=NULL
/cms/dcms/Role=NULL/Capability=NULL

 error: 
 retcode : 0
DEBUG 2017-11-20 10:19:58,524: 	 Registering user credentials for server /DC=ch/DC=cern/OU=computers/CN=vocms(045|052|021|031|0118|0118a|0119|0108|0105|0109).cern.ch
DEBUG 2017-11-20 10:19:58,630: 	 Executing : 
 command : openssl x509 -in ~/.globus/usercert.pem -subject -noout
 output : subject= /C=DE/O=GermanGrid/OU=uni-hamburg/CN=Zoi Irene

 error: 
 retcode : 0
DEBUG 2017-11-20 10:19:58,630: 	 Getting myproxy life time left for myproxy.cern.ch
DEBUG 2017-11-20 10:19:58,630: 	 Calculating hash of /C=DE/O=GermanGrid/OU=uni-hamburg/CN=Zoi Irene_cmsweb.cern.ch for credential name
DEBUG 2017-11-20 10:19:59,033: 	 Executing : 
 command : myproxy-info -l 3cd82fca48badc692f8513e62d67e79566e4e718 -s myproxy.cern.ch
 output : username: 3cd82fca48badc692f8513e62d67e79566e4e718
owner: /C=DE/O=GermanGrid/OU=uni-hamburg/CN=Zoi Irene
  renewal policy: /DC=ch/DC=cern/OU=computers/CN=vocms(045|052|021|031|0118|0118a|0119|0108|0105|0109).cern.ch
  trusted retrieval policy: /DC=ch/DC=cern/OU=computers/CN=vocms(045|052|021|031|0118|0118a|0119|0108|0105|0109).cern.ch
  timeleft: 494:11:10  (20.6 days)

 error: 
 retcode : 0
DEBUG 2017-11-20 10:19:59,034: 	 Myproxy is valid: 1779070
DEBUG 2017-11-20 10:19:59,034: 	 Command use: submit
DEBUG 2017-11-20 10:19:59,034: 	 Options use: ['-c', 'crab_VBF_Graviton_2000_93X_upgrade2023.py']
DEBUG 2017-11-20 10:20:00,099: 	 CRABClient version: 3.3.1707.patch1
DEBUG 2017-11-20 10:20:00,099: 	 Instance is prod
DEBUG 2017-11-20 10:20:00,099: 	 Server base url is cmsweb.cern.ch
DEBUG 2017-11-20 10:20:00,099: 	 Command url /crabserver/prod/workflow
DEBUG 2017-11-20 10:20:00,099: 	 Started submission
DEBUG 2017-11-20 10:20:00,099: 	 Working on /nfs/dust/cms/user/zoiirene/UpgradeStudiesGtoWW/framework93X/new932/CMSSW_9_3_2/src/UHH2/scripts/crab/crab_Graviton/crab_VBF_BulkGravToWW_narrow_M-2000_14TeV_PhaseIITDRFall17_noPU_new2
DEBUG 2017-11-20 10:20:01,216: 	 Loading required information from the environment
DEBUG 2017-11-20 10:20:01,216: 	 Found CMSSW_9_3_2 for slc6_amd64_gcc630 with base /nfs/dust/cms/user/zoiirene/UpgradeStudiesGtoWW/framework93X/new932/CMSSW_9_3_2
DEBUG 2017-11-20 10:20:01,216: 	 Loading required information from the environment
DEBUG 2017-11-20 10:20:01,216: 	 Found CMSSW_9_3_2 for slc6_amd64_gcc630 with base /nfs/dust/cms/user/zoiirene/UpgradeStudiesGtoWW/framework93X/new932/CMSSW_9_3_2
DEBUG 2017-11-20 10:20:01,225: 	 UNIQUE NAME: tarUUID de2fa8d4-0161-483a-8feb-d3bd37e3e41f 
DEBUG 2017-11-20 10:20:01,226: 	 self.config: from WMCore.Configuration import Configuration
config = Configuration()
config.section_('General')
config.General.transferLogs = True
config.General.transferOutputs = True
config.General.workArea = 'crab_Graviton'
config.General.requestName = 'VBF_BulkGravToWW_narrow_M-2000_14TeV_PhaseIITDRFall17_noPU_new2'
config.section_('JobType')
config.JobType.psetName = '/nfs/dust/cms/user/zoiirene/UpgradeStudiesGtoWW/framework93X/new932/CMSSW_9_3_2/src/UHH2/core/python/ntuplewriter_93X_irene.py'
config.JobType.pluginName = 'Analysis'
config.JobType.outputFiles = ['Ntuple_AK8_fix.root']
config.JobType.maxMemoryMB = 2500
config.JobType.sendExternalFolder = True
config.section_('Data')
config.Data.inputDataset = '/VBF_BulkGravToWW_narrow_M-2000_14TeV-madgraph/PhaseIITDRFall17MiniAOD-noPU_93X_upgrade2023_realistic_v2-v1/MINIAODSIM'
config.Data.allowNonValidInputDataset = True
config.Data.publication = False
config.Data.unitsPerJob = 7500
config.Data.inputDBS = 'global'
config.Data.splitting = 'EventAwareLumiBased'
config.Data.outLFNDirBase = '/store/user/izoi/RunII_93X_v2-v1/'
config.section_('Site')
config.Site.storageSite = 'T2_DE_DESY'
config.section_('User')
config.section_('Debug')

DEBUG 2017-11-20 10:20:01,226: 	 self.config.JobType.psetName: /nfs/dust/cms/user/zoiirene/UpgradeStudiesGtoWW/framework93X/new932/CMSSW_9_3_2/src/UHH2/core/python/ntuplewriter_93X_irene.py
INFO 2017-11-20 10:20:01,232: 	 Importing CMSSW configuration /nfs/dust/cms/user/zoiirene/UpgradeStudiesGtoWW/framework93X/new932/CMSSW_9_3_2/src/UHH2/core/python/ntuplewriter_93X_irene.py
INFO 2017-11-20 10:20:03,319: 	 Finished importing CMSSW configuration /nfs/dust/cms/user/zoiirene/UpgradeStudiesGtoWW/framework93X/new932/CMSSW_9_3_2/src/UHH2/core/python/ntuplewriter_93X_irene.py
DEBUG 2017-11-20 10:20:03,319: 	 Writing CMSSW configuration to /nfs/dust/cms/user/zoiirene/UpgradeStudiesGtoWW/framework93X/new932/CMSSW_9_3_2/src/UHH2/scripts/crab/crab_Graviton/crab_VBF_BulkGravToWW_narrow_M-2000_14TeV_PhaseIITDRFall17_noPU_new2/inputs/PSet.py
DEBUG 2017-11-20 10:20:04,259: 	 The following EDM output files will be collected: []
DEBUG 2017-11-20 10:20:04,259: 	 The following TFile output files will be collected: []
DEBUG 2017-11-20 10:20:04,259: 	 The following user output files will be collected: ['Ntuple_AK8_fix.root']
DEBUG 2017-11-20 10:20:04,259: 	 Loading required information from the environment
DEBUG 2017-11-20 10:20:04,259: 	 Found CMSSW_9_3_2 for slc6_amd64_gcc630 with base /nfs/dust/cms/user/zoiirene/UpgradeStudiesGtoWW/framework93X/new932/CMSSW_9_3_2
DEBUG 2017-11-20 10:20:04,259: 	 Making tarball in /nfs/dust/cms/user/zoiirene/UpgradeStudiesGtoWW/framework93X/new932/CMSSW_9_3_2/src/UHH2/scripts/crab/crab_Graviton/crab_VBF_BulkGravToWW_narrow_M-2000_14TeV_PhaseIITDRFall17_noPU_new2/inputs/de2fa8d4-0161-483a-8feb-d3bd37e3e41fdefault.tgz
DEBUG 2017-11-20 10:20:04,275: 	 Checking directory /nfs/dust/cms/user/zoiirene/UpgradeStudiesGtoWW/framework93X/new932/CMSSW_9_3_2/lib
DEBUG 2017-11-20 10:20:04,275: 	 Adding directory /nfs/dust/cms/user/zoiirene/UpgradeStudiesGtoWW/framework93X/new932/CMSSW_9_3_2/lib to tarball
DEBUG 2017-11-20 10:20:06,261: 	 Checking directory /nfs/dust/cms/user/zoiirene/UpgradeStudiesGtoWW/framework93X/new932/CMSSW_9_3_2/biglib
DEBUG 2017-11-20 10:20:06,261: 	 Adding directory /nfs/dust/cms/user/zoiirene/UpgradeStudiesGtoWW/framework93X/new932/CMSSW_9_3_2/biglib to tarball
DEBUG 2017-11-20 10:20:06,262: 	 Checking directory /nfs/dust/cms/user/zoiirene/UpgradeStudiesGtoWW/framework93X/new932/CMSSW_9_3_2/module
DEBUG 2017-11-20 10:20:06,262: 	 Checking directory /nfs/dust/cms/user/zoiirene/UpgradeStudiesGtoWW/framework93X/new932/CMSSW_9_3_2/external
DEBUG 2017-11-20 10:20:06,262: 	 Adding directory /nfs/dust/cms/user/zoiirene/UpgradeStudiesGtoWW/framework93X/new932/CMSSW_9_3_2/external to tarball
DEBUG 2017-11-20 10:20:09,742: 	 Adding data directory /nfs/dust/cms/user/zoiirene/UpgradeStudiesGtoWW/framework93X/new932/CMSSW_9_3_2/src/UHH2/common/data to tarball
DEBUG 2017-11-20 10:20:14,420: 	 Adding data directory /nfs/dust/cms/user/zoiirene/UpgradeStudiesGtoWW/framework93X/new932/CMSSW_9_3_2/src/UHH2/JetMETObjects/data to tarball
DEBUG 2017-11-20 10:20:15,534: 	 Adding data directory /nfs/dust/cms/user/zoiirene/UpgradeStudiesGtoWW/framework93X/new932/CMSSW_9_3_2/src/UHH2/JetMETObjects/interface to tarball
DEBUG 2017-11-20 10:20:15,779: 	 Uploading archive /nfs/dust/cms/user/zoiirene/UpgradeStudiesGtoWW/framework93X/new932/CMSSW_9_3_2/src/UHH2/scripts/crab/crab_Graviton/crab_VBF_BulkGravToWW_narrow_M-2000_14TeV_PhaseIITDRFall17_noPU_new2/inputs/de2fa8d4-0161-483a-8feb-d3bd37e3e41fdefault.tgz (12 MB) to the CRAB cache. Using URI https://cmsweb.cern.ch/crabcache
DEBUG 2017-11-20 10:20:20,706: 	 Loading required information from the environment
DEBUG 2017-11-20 10:20:20,706: 	 Found CMSSW_9_3_2 for slc6_amd64_gcc630 with base /nfs/dust/cms/user/zoiirene/UpgradeStudiesGtoWW/framework93X/new932/CMSSW_9_3_2
DEBUG 2017-11-20 10:20:20,706: 	 Making tarball in /nfs/dust/cms/user/zoiirene/UpgradeStudiesGtoWW/framework93X/new932/CMSSW_9_3_2/src/UHH2/scripts/crab/crab_Graviton/crab_VBF_BulkGravToWW_narrow_M-2000_14TeV_PhaseIITDRFall17_noPU_new2/inputs/debugFiles.tgz
DEBUG 2017-11-20 10:20:20,715: 	 Uploading archive /nfs/dust/cms/user/zoiirene/UpgradeStudiesGtoWW/framework93X/new932/CMSSW_9_3_2/src/UHH2/scripts/crab/crab_Graviton/crab_VBF_BulkGravToWW_narrow_M-2000_14TeV_PhaseIITDRFall17_noPU_new2/inputs/debugFiles.tgz (12 KB) to the CRAB cache. Using URI https://cmsweb.cern.ch/crabcache
DEBUG 2017-11-20 10:20:21,696: 	 Result uploading input files: b6439a997772807a3943ad59df2030c8f7a8570a2dc939991f44d067a51e65ad.tar.gz 
INFO 2017-11-20 10:20:21,697: 	 Sending the request to the server
DEBUG 2017-11-20 10:20:21,697: 	 Submitting {'maxjobruntime': 1250, 'extrajdl': [], 'ignorelocality': 0, 'savelogsflag': 1, 'useparent': 0, 'asyncdest': 'T2_DE_DESY', 'algoargs': 7500, 'cachefilename': 'b6439a997772807a3943ad59df2030c8f7a8570a2dc939991f44d067a51e65ad.tar.gz', 'numcores': 1, 'addoutputfiles': ['Ntuple_AK8_fix.root'], 'generator': 'pythia', 'maxmemory': 2500, 'publishdbsurl': 'https://cmsweb.cern.ch/dbs/prod/phys03/DBSWriter', 'priority': 10, 'jobsw': 'CMSSW_9_3_2', 'edmoutfiles': [], 'userfiles': [], 'primarydataset': '', 'inputdata': '/VBF_BulkGravToWW_narrow_M-2000_14TeV-madgraph/PhaseIITDRFall17MiniAOD-noPU_93X_upgrade2023_realistic_v2-v1/MINIAODSIM', 'lfn': '/store/user/izoi/RunII_93X_v2-v1/', 'dryrun': 0, 'workflow': 'crab_VBF_BulkGravToWW_narrow_M-2000_14TeV_PhaseIITDRFall17_noPU_new2', 'cacheurl': u'https://cmsweb.cern.ch/crabcache', 'nonprodsw': 0, 'tfileoutfiles': [], 'oneEventMode': 0, 'debugfilename': 'f4d007f6127794006e98089b2de06d65cf7a0b6ef29f6a50d42c4103455e5887.tar.gz', 'saveoutput': 1, 'publication': 0, 'jobarch': 'slc6_amd64_gcc630', 'totalunits': 0, 'splitalgo': 'EventAwareLumiBased', 'ignoreglobalblacklist': 0, 'nonvaliddata': 1, 'dbsurl': 'https://cmsweb.cern.ch/dbs/prod/global/DBSReader', 'publishgroupname': 0, 'jobtype': 'Analysis', 'publishname2': ''} 
DEBUG 2017-11-20 10:20:21,697: 	 Encoded submit request: maxjobruntime=1250&ignorelocality=0&savelogsflag=1&useparent=0&asyncdest=T2_DE_DESY&algoargs=7500&cachefilename=b6439a997772807a3943ad59df2030c8f7a8570a2dc939991f44d067a51e65ad.tar.gz&numcores=1&generator=pythia&maxmemory=2500&publishdbsurl=https%3A%2F%2Fcmsweb.cern.ch%2Fdbs%2Fprod%2Fphys03%2FDBSWriter&priority=10&jobsw=CMSSW_9_3_2&primarydataset=&inputdata=%2FVBF_BulkGravToWW_narrow_M-2000_14TeV-madgraph%2FPhaseIITDRFall17MiniAOD-noPU_93X_upgrade2023_realistic_v2-v1%2FMINIAODSIM&lfn=%2Fstore%2Fuser%2Fizoi%2FRunII_93X_v2-v1%2F&dryrun=0&workflow=crab_VBF_BulkGravToWW_narrow_M-2000_14TeV_PhaseIITDRFall17_noPU_new2&cacheurl=https%3A%2F%2Fcmsweb.cern.ch%2Fcrabcache&nonprodsw=0&oneEventMode=0&debugfilename=f4d007f6127794006e98089b2de06d65cf7a0b6ef29f6a50d42c4103455e5887.tar.gz&saveoutput=1&publication=0&jobarch=slc6_amd64_gcc630&totalunits=0&splitalgo=EventAwareLumiBased&ignoreglobalblacklist=0&nonvaliddata=1&dbsurl=https%3A%2F%2Fcmsweb.cern.ch%2Fdbs%2Fprod%2Fglobal%2FDBSReader&publishgroupname=0&jobtype=Analysis&publishname2=&addoutputfiles=Ntuple_AK8_fix.root
DEBUG 2017-11-20 10:20:23,232: 	 Result: {u'result': [{u'RequestName': u'171120_092022:izoi_crab_VBF_BulkGravToWW_narrow_M-2000_14TeV_PhaseIITDRFall17_noPU_new2'}]}
INFO 2017-11-20 10:20:23,235: 	 Success: Your task has been delivered to the CRAB3 server.
INFO 2017-11-20 10:20:23,235: 	 Task name: 171120_092022:izoi_crab_VBF_BulkGravToWW_narrow_M-2000_14TeV_PhaseIITDRFall17_noPU_new2
INFO 2017-11-20 10:20:23,235: 	 Please use 'crab status' to check how the submission process proceeds.
DEBUG 2017-11-20 10:20:23,235: 	 About to return
INFO 2017-11-20 10:20:23,238: 	 Log file is /nfs/dust/cms/user/zoiirene/UpgradeStudiesGtoWW/framework93X/new932/CMSSW_9_3_2/src/UHH2/scripts/crab/crab_Graviton/crab_VBF_BulkGravToWW_narrow_M-2000_14TeV_PhaseIITDRFall17_noPU_new2/crab.log
DEBUG 2017-11-20 10:26:33,356: 	 Executing command: 'status'
DEBUG 2017-11-20 10:26:33,356: 	 Found CRAB cache file /afs/desy.de/user/z/zoiirene/.crab3
DEBUG 2017-11-20 10:26:33,361: 	 Checking credentials
DEBUG 2017-11-20 10:26:33,361: 	 Found proxy file /tmp/x509up_u28517
DEBUG 2017-11-20 10:26:33,361: 	 Getting proxy life time left
DEBUG 2017-11-20 10:26:33,764: 	 Executing : 
 command : voms-proxy-info -file /tmp/x509up_u28517 -timeleft
 output : 37681

 error: 
 retcode : 0
DEBUG 2017-11-20 10:26:34,167: 	 Executing : 
 command : voms-proxy-info -file /tmp/x509up_u28517 -actimeleft
 output : 37680

 error: 
 retcode : 0
DEBUG 2017-11-20 10:26:34,168: 	 Proxy valid for 10:28:01 hours
DEBUG 2017-11-20 10:26:34,277: 	 Executing : 
 command : openssl x509 -in ~/.globus/usercert.pem -subject -noout
 output : subject= /C=DE/O=GermanGrid/OU=uni-hamburg/CN=Zoi Irene

 error: 
 retcode : 0
DEBUG 2017-11-20 10:26:34,277: 	 Checking credentials
DEBUG 2017-11-20 10:26:34,277: 	 Found proxy file /tmp/x509up_u28517
DEBUG 2017-11-20 10:26:34,277: 	 Getting proxy life time left
DEBUG 2017-11-20 10:26:34,680: 	 Executing : 
 command : voms-proxy-info -file /tmp/x509up_u28517 -timeleft
 output : 37680

 error: 
 retcode : 0
DEBUG 2017-11-20 10:26:35,083: 	 Executing : 
 command : voms-proxy-info -file /tmp/x509up_u28517 -actimeleft
 output : 37679

 error: 
 retcode : 0
DEBUG 2017-11-20 10:26:35,084: 	 Proxy valid for 10:28:00 hours
DEBUG 2017-11-20 10:26:36,030: 	 Registering user credentials for server /DC=ch/DC=cern/OU=computers/CN=vocms(045|052|021|031|0118|0118a|0119|0108|0105|0109).cern.ch
DEBUG 2017-11-20 10:26:36,136: 	 Executing : 
 command : openssl x509 -in ~/.globus/usercert.pem -subject -noout
 output : subject= /C=DE/O=GermanGrid/OU=uni-hamburg/CN=Zoi Irene

 error: 
 retcode : 0
DEBUG 2017-11-20 10:26:36,136: 	 Getting myproxy life time left for myproxy.cern.ch
DEBUG 2017-11-20 10:26:36,136: 	 Calculating hash of /C=DE/O=GermanGrid/OU=uni-hamburg/CN=Zoi Irene_cmsweb.cern.ch for credential name
DEBUG 2017-11-20 10:26:36,638: 	 Executing : 
 command : myproxy-info -l 3cd82fca48badc692f8513e62d67e79566e4e718 -s myproxy.cern.ch
 output : username: 3cd82fca48badc692f8513e62d67e79566e4e718
owner: /C=DE/O=GermanGrid/OU=uni-hamburg/CN=Zoi Irene
  renewal policy: /DC=ch/DC=cern/OU=computers/CN=vocms(045|052|021|031|0118|0118a|0119|0108|0105|0109).cern.ch
  trusted retrieval policy: /DC=ch/DC=cern/OU=computers/CN=vocms(045|052|021|031|0118|0118a|0119|0108|0105|0109).cern.ch
  timeleft: 494:04:33  (20.6 days)

 error: 
 retcode : 0
DEBUG 2017-11-20 10:26:36,639: 	 Myproxy is valid: 1778673
DEBUG 2017-11-20 10:26:36,639: 	 Command use: status
DEBUG 2017-11-20 10:26:36,639: 	 Options use: ['-d', 'crab_Graviton/crab_VBF_BulkGravToWW_narrow_M-2000_14TeV_PhaseIITDRFall17_noPU_new2']
DEBUG 2017-11-20 10:26:37,742: 	 CRABClient version: 3.3.1707.patch1
DEBUG 2017-11-20 10:26:37,742: 	 Instance is prod
DEBUG 2017-11-20 10:26:37,742: 	 Server base url is cmsweb.cern.ch
DEBUG 2017-11-20 10:26:37,742: 	 Command url /crabserver/prod/workflow
DEBUG 2017-11-20 10:26:38,700: 	 Got information from server oracle database: {u'result': [u'171120_092022:izoi_crab_VBF_BulkGravToWW_narrow_M-2000_14TeV_PhaseIITDRFall17_noPU_new2', u'None', u'SUBMITTED', u'2017-11-20 09:20:23.211152', u'None', u'2017-11-20 09:21:02.892739', u'None', u'CMSSW_9_3_2', u'slc6_amd64_gcc630', u'/VBF_BulkGravToWW_narrow_M-2000_14TeV-madgraph/PhaseIITDRFall17MiniAOD-noPU_93X_upgrade2023_realistic_v2-v1/MINIAODSIM', u'[]', u'[]', u'EventAwareLumiBased', u"{'splitOnRun': False, 'events_per_job': 7500, 'halt_job_on_file_boundaries': False, 'runs': [], 'lumis': []}", u'0', u'b6439a997772807a3943ad59df2030c8f7a8570a2dc939991f44d067a51e65ad.tar.gz', u'https://cmsweb.cern.ch/crabcache', u'izoi', u'/C=DE/O=GermanGrid/OU=uni-hamburg/CN=Zoi Irene', u'cms', u'None', u'None', u'crab_VBF_BulkGravToWW_narrow_M-2000_14TeV_PhaseIITDRFall17_noPU_new2-00000000000000000000000000000000', u'T2_DE_DESY', u'https://cmsweb.cern.ch/dbs/prod/global/DBSReader', u'https://cmsweb.cern.ch/dbs/prod/phys03/DBSWriter', u'F', u'Analysis', u'{}', u'[]', u'T', u'vocms052', u'[]', u'1250', u'1', u'2500', u'10', u'None', u'http://vocms0106.cern.ch/mon/cms1123/171120_092022:izoi_crab_VBF_BulkGravToWW_narrow_M-2000_14TeV_PhaseIITDRFall17_noPU_new2', u'None', u'None', u'[]', u'[]', u'[]', u'pythia', u"['Ntuple_AK8_fix.root']", u'[]', u'[]', u'https://cmsweb.cern.ch/crabserver/prod', u'None', u'0', u'cmssrv221.fnal.gov:9620', u'crab3@vocms0106.cern.ch', u'F', u'[]', u'T', u'/store/user/izoi/RunII_93X_v2-v1/', u'F', u'None', u'F', u'F', u'T', u'None', u'VBF_BulkGravToWW_narrow_M-2000_14TeV-madgraph', u'filetransfers', u'SUBMIT', u'27070404', u'f4d007f6127794006e98089b2de06d65cf7a0b6ef29f6a50d42c4103455e5887.tar.gz', u'131.169.168.54', u'F', u'None'], u'desc': {u'columns': [u'tm_taskname', u'panda_jobset_id', u'tm_task_status', u'tm_start_time', u'tm_start_injection', u'tm_end_injection', u'tm_task_failure', u'tm_job_sw', u'tm_job_arch', u'tm_input_dataset', u'tm_site_whitelist', u'tm_site_blacklist', u'tm_split_algo', u'tm_split_args', u'tm_totalunits', u'tm_user_sandbox', u'tm_cache_url', u'tm_username', u'tm_user_dn', u'tm_user_vo', u'tm_user_role', u'tm_user_group', u'tm_publish_name', u'tm_asyncdest', u'tm_dbs_url', u'tm_publish_dbs_url', u'tm_publication', u'tm_job_type', u'tm_arguments', u'panda_resubmitted_jobs', u'tm_save_logs', u'tw_name', u'tm_user_infiles', u'tm_maxjobruntime', u'tm_numcores', u'tm_maxmemory', u'tm_priority', u'tm_output_dataset', u'tm_user_webdir', u'tm_activity', u'tm_scriptexe', u'tm_scriptargs', u'tm_extrajdl', u'tm_task_warnings', u'tm_generator', u'tm_outfiles', u'tm_tfile_outfiles', u'tm_edm_outfiles', u'tm_asourl', u'tm_events_per_lumi', u'tm_use_parent', u'tm_collector', u'tm_schedd', u'tm_dry_run', u'tm_user_files', u'tm_transfer_outputs', u'tm_output_lfn', u'tm_ignore_locality', u'tm_fail_limit', u'tm_one_event_mode', u'tm_publish_groupname', u'tm_nonvalid_input_dataset', u'tm_secondary_input_dataset', u'tm_primary_dataset', u'tm_asodb', u'tm_task_command', u'clusterid', u'tm_debug_files', u'tm_submitter_ip_addr', u'tm_ignore_global_blacklist', u'tm_last_publication']}}
INFO 2017-11-20 10:26:38,701: 	 CRAB project directory:		/nfs/dust/cms/user/zoiirene/UpgradeStudiesGtoWW/framework93X/new932/CMSSW_9_3_2/src/UHH2/scripts/crab/crab_Graviton/crab_VBF_BulkGravToWW_narrow_M-2000_14TeV_PhaseIITDRFall17_noPU_new2
INFO 2017-11-20 10:26:38,701: 	 Task name:			171120_092022:izoi_crab_VBF_BulkGravToWW_narrow_M-2000_14TeV_PhaseIITDRFall17_noPU_new2
INFO 2017-11-20 10:26:38,701: 	 Grid scheduler:			crab3@vocms0106.cern.ch
INFO 2017-11-20 10:26:38,701: 	 Status on the CRAB server:	SUBMITTED
INFO 2017-11-20 10:26:38,701: 	 Task URL to use for HELP:	https://cmsweb.cern.ch/crabserver/ui/task/171120_092022%3Aizoi_crab_VBF_BulkGravToWW_narrow_M-2000_14TeV_PhaseIITDRFall17_noPU_new2
INFO 2017-11-20 10:26:38,701: 	 Dashboard monitoring URL:	http://dashb-cms-job.cern.ch/dashboard/templates/task-analysis/#user=izoi&refresh=0&table=Jobs&p=1&records=25&activemenu=2&status=&site=&tid=171120_092022%3Aizoi_crab_VBF_BulkGravToWW_narrow_M-2000_14TeV_PhaseIITDRFall17_noPU_new2
DEBUG 2017-11-20 10:26:38,701: 	 The CRAB server submitted your task to the Grid scheduler (cluster ID: 27070404)
DEBUG 2017-11-20 10:26:38,701: 	 Webdir is located at http://vocms0106.cern.ch/mon/cms1123/171120_092022:izoi_crab_VBF_BulkGravToWW_narrow_M-2000_14TeV_PhaseIITDRFall17_noPU_new2
DEBUG 2017-11-20 10:26:39,765: 	 Proxied webdir is located at https://cmsweb.cern.ch/scheddmon/0106/cms1123/171120_092022:izoi_crab_VBF_BulkGravToWW_narrow_M-2000_14TeV_PhaseIITDRFall17_noPU_new2
DEBUG 2017-11-20 10:26:39,765: 	 Retrieving 'status_cache' file from https://cmsweb.cern.ch/scheddmon/0106/cms1123/171120_092022:izoi_crab_VBF_BulkGravToWW_narrow_M-2000_14TeV_PhaseIITDRFall17_noPU_new2/status_cache
DEBUG 2017-11-20 10:26:40,665: 	 Got information from status cache file: {'11': {'Retries': 0, 'WallDurations': [0], 'StartTimes': [], 'SubmitTimes': [1511169681.0], 'JobIds': ['27070461.0'], 'EndTimes': [], 'Restarts': 0, 'RecordedSite': False, 'State': 'idle', 'ResidentSetSize': [0], 'TotalUserCpuTimeHistory': [0], 'SiteHistory': ['Unknown'], 'TotalSysCpuTimeHistory': [0]}, '10': {'Retries': 0, 'WallDurations': [0], 'StartTimes': [], 'SubmitTimes': [1511169681.0], 'JobIds': ['27070462.0'], 'EndTimes': [], 'Restarts': 0, 'RecordedSite': False, 'State': 'idle', 'ResidentSetSize': [0], 'TotalUserCpuTimeHistory': [0], 'SiteHistory': ['Unknown'], 'TotalSysCpuTimeHistory': [0]}, '13': {'Retries': 0, 'WallDurations': [0], 'StartTimes': [], 'SubmitTimes': [1511169681.0], 'JobIds': ['27070463.0'], 'EndTimes': [], 'Restarts': 0, 'RecordedSite': False, 'State': 'idle', 'ResidentSetSize': [0], 'TotalUserCpuTimeHistory': [0], 'SiteHistory': ['Unknown'], 'TotalSysCpuTimeHistory': [0]}, '12': {'Retries': 0, 'WallDurations': [0], 'StartTimes': [], 'SubmitTimes': [1511169681.0], 'JobIds': ['27070459.0'], 'EndTimes': [], 'Restarts': 0, 'RecordedSite': False, 'State': 'idle', 'ResidentSetSize': [0], 'TotalUserCpuTimeHistory': [0], 'SiteHistory': ['Unknown'], 'TotalSysCpuTimeHistory': [0]}, '15': {'Retries': 0, 'WallDurations': [0], 'StartTimes': [], 'SubmitTimes': [1511169682.0], 'JobIds': ['27070467.0'], 'EndTimes': [], 'Restarts': 0, 'RecordedSite': False, 'State': 'idle', 'ResidentSetSize': [0], 'TotalUserCpuTimeHistory': [0], 'SiteHistory': ['Unknown'], 'TotalSysCpuTimeHistory': [0]}, '14': {'Retries': 0, 'WallDurations': [0], 'StartTimes': [], 'SubmitTimes': [1511169682.0], 'JobIds': ['27070468.0'], 'EndTimes': [], 'Restarts': 0, 'RecordedSite': False, 'State': 'idle', 'ResidentSetSize': [0], 'TotalUserCpuTimeHistory': [0], 'SiteHistory': ['Unknown'], 'TotalSysCpuTimeHistory': [0]}, '17': {'Retries': 0, 'WallDurations': [0], 'StartTimes': [], 'SubmitTimes': [1511169682.0], 'JobIds': ['27070464.0'], 'EndTimes': [], 'Restarts': 0, 'RecordedSite': False, 'State': 'idle', 'ResidentSetSize': [0], 'TotalUserCpuTimeHistory': [0], 'SiteHistory': ['Unknown'], 'TotalSysCpuTimeHistory': [0]}, '16': {'Retries': 0, 'WallDurations': [0], 'StartTimes': [], 'SubmitTimes': [1511169682.0], 'JobIds': ['27070465.0'], 'EndTimes': [], 'Restarts': 0, 'RecordedSite': False, 'State': 'idle', 'ResidentSetSize': [0], 'TotalUserCpuTimeHistory': [0], 'SiteHistory': ['Unknown'], 'TotalSysCpuTimeHistory': [0]}, '18': {'Retries': 0, 'WallDurations': [0], 'StartTimes': [], 'SubmitTimes': [1511169682.0], 'JobIds': ['27070466.0'], 'EndTimes': [], 'Restarts': 0, 'RecordedSite': False, 'State': 'idle', 'ResidentSetSize': [0], 'TotalUserCpuTimeHistory': [0], 'SiteHistory': ['Unknown'], 'TotalSysCpuTimeHistory': [0]}, '1': {'Retries': 0, 'WallDurations': [0], 'StartTimes': [], 'SubmitTimes': [1511169681.0], 'JobIds': ['27070458.0'], 'EndTimes': [], 'Restarts': 0, 'RecordedSite': False, 'State': 'idle', 'ResidentSetSize': [0], 'TotalUserCpuTimeHistory': [0], 'SiteHistory': ['Unknown'], 'TotalSysCpuTimeHistory': [0]}, '3': {'Retries': 0, 'WallDurations': [0], 'StartTimes': [], 'SubmitTimes': [1511169681.0], 'JobIds': ['27070460.0'], 'EndTimes': [], 'Restarts': 0, 'RecordedSite': False, 'State': 'idle', 'ResidentSetSize': [0], 'TotalUserCpuTimeHistory': [0], 'SiteHistory': ['Unknown'], 'TotalSysCpuTimeHistory': [0]}, '2': {'Retries': 0, 'WallDurations': [0], 'StartTimes': [], 'SubmitTimes': [1511169680.0], 'JobIds': ['27070447.0'], 'EndTimes': [], 'Restarts': 0, 'RecordedSite': False, 'State': 'idle', 'ResidentSetSize': [0], 'TotalUserCpuTimeHistory': [0], 'SiteHistory': ['Unknown'], 'TotalSysCpuTimeHistory': [0]}, '5': {'Retries': 0, 'WallDurations': [0], 'StartTimes': [], 'SubmitTimes': [1511169680.0], 'JobIds': ['27070451.0'], 'EndTimes': [], 'Restarts': 0, 'RecordedSite': False, 'State': 'idle', 'ResidentSetSize': [0], 'TotalUserCpuTimeHistory': [0], 'SiteHistory': ['Unknown'], 'TotalSysCpuTimeHistory': [0]}, '4': {'Retries': 0, 'WallDurations': [0], 'StartTimes': [], 'SubmitTimes': [1511169680.0], 'JobIds': ['27070449.0'], 'EndTimes': [], 'Restarts': 0, 'RecordedSite': False, 'State': 'idle', 'ResidentSetSize': [0], 'TotalUserCpuTimeHistory': [0], 'SiteHistory': ['Unknown'], 'TotalSysCpuTimeHistory': [0]}, '7': {'Retries': 0, 'WallDurations': [0], 'StartTimes': [], 'SubmitTimes': [1511169680.0], 'JobIds': ['27070445.0'], 'EndTimes': [], 'Restarts': 0, 'RecordedSite': False, 'State': 'idle', 'ResidentSetSize': [0], 'TotalUserCpuTimeHistory': [0], 'SiteHistory': ['Unknown'], 'TotalSysCpuTimeHistory': [0]}, '6': {'Retries': 0, 'WallDurations': [0], 'StartTimes': [], 'SubmitTimes': [1511169680.0], 'JobIds': ['27070453.0'], 'EndTimes': [], 'Restarts': 0, 'RecordedSite': False, 'State': 'idle', 'ResidentSetSize': [0], 'TotalUserCpuTimeHistory': [0], 'SiteHistory': ['Unknown'], 'TotalSysCpuTimeHistory': [0]}, '9': {'Retries': 0, 'WallDurations': [0], 'StartTimes': [], 'SubmitTimes': [1511169681.0], 'JobIds': ['27070457.0'], 'EndTimes': [], 'Restarts': 0, 'RecordedSite': False, 'State': 'idle', 'ResidentSetSize': [0], 'TotalUserCpuTimeHistory': [0], 'SiteHistory': ['Unknown'], 'TotalSysCpuTimeHistory': [0]}, '8': {'Retries': 0, 'WallDurations': [0], 'StartTimes': [], 'SubmitTimes': [1511169680.0], 'JobIds': ['27070455.0'], 'EndTimes': [], 'Restarts': 0, 'RecordedSite': False, 'State': 'idle', 'ResidentSetSize': [0], 'TotalUserCpuTimeHistory': [0], 'SiteHistory': ['Unknown'], 'TotalSysCpuTimeHistory': [0]}}
INFO 2017-11-20 10:26:40,665: 	 Status on the scheduler:	SUBMITTED
INFO 2017-11-20 10:26:40,665: 	 
Jobs status:                    idle          100.0% (18/18)
INFO 2017-11-20 10:26:40,665: 	 
No publication information (publication has been disabled in the CRAB configuration file)
INFO 2017-11-20 10:26:40,679: 	 Log file is /nfs/dust/cms/user/zoiirene/UpgradeStudiesGtoWW/framework93X/new932/CMSSW_9_3_2/src/UHH2/scripts/crab/crab_Graviton/crab_VBF_BulkGravToWW_narrow_M-2000_14TeV_PhaseIITDRFall17_noPU_new2/crab.log
