hadd Target file: /nfs/dust/cms/user/zoiirene/UpgradeStudiesGtoWW/Phase2Official/Output/uhh2.AnalysisModuleRunner.MC.QCD_noPU_Puppi_mass_eta_JEC_puppitune.root
hadd compression setting for all ouput: 1
hadd Source file 1: /nfs/dust/cms/user/zoiirene/UpgradeStudiesGtoWW/Phase2Official/Output/workdir_QCD_mass_P2/uhh2.AnalysisModuleRunner.MC.QCD_noPU_Puppi_mass_eta_JEC_puppitune_0.root
hadd Source file 2: /nfs/dust/cms/user/zoiirene/UpgradeStudiesGtoWW/Phase2Official/Output/workdir_QCD_mass_P2/uhh2.AnalysisModuleRunner.MC.QCD_noPU_Puppi_mass_eta_JEC_puppitune_1.root
hadd Source file 3: /nfs/dust/cms/user/zoiirene/UpgradeStudiesGtoWW/Phase2Official/Output/workdir_QCD_mass_P2/uhh2.AnalysisModuleRunner.MC.QCD_noPU_Puppi_mass_eta_JEC_puppitune_2.root
hadd Source file 4: /nfs/dust/cms/user/zoiirene/UpgradeStudiesGtoWW/Phase2Official/Output/workdir_QCD_mass_P2/uhh2.AnalysisModuleRunner.MC.QCD_noPU_Puppi_mass_eta_JEC_puppitune_3.root
hadd Source file 5: /nfs/dust/cms/user/zoiirene/UpgradeStudiesGtoWW/Phase2Official/Output/workdir_QCD_mass_P2/uhh2.AnalysisModuleRunner.MC.QCD_noPU_Puppi_mass_eta_JEC_puppitune_4.root
hadd Source file 6: /nfs/dust/cms/user/zoiirene/UpgradeStudiesGtoWW/Phase2Official/Output/workdir_QCD_mass_P2/uhh2.AnalysisModuleRunner.MC.QCD_noPU_Puppi_mass_eta_JEC_puppitune_5.root
hadd Source file 7: /nfs/dust/cms/user/zoiirene/UpgradeStudiesGtoWW/Phase2Official/Output/workdir_QCD_mass_P2/uhh2.AnalysisModuleRunner.MC.QCD_noPU_Puppi_mass_eta_JEC_puppitune_6.root
hadd Source file 8: /nfs/dust/cms/user/zoiirene/UpgradeStudiesGtoWW/Phase2Official/Output/workdir_QCD_mass_P2/uhh2.AnalysisModuleRunner.MC.QCD_noPU_Puppi_mass_eta_JEC_puppitune_7.root
hadd Source file 9: /nfs/dust/cms/user/zoiirene/UpgradeStudiesGtoWW/Phase2Official/Output/workdir_QCD_mass_P2/uhh2.AnalysisModuleRunner.MC.QCD_noPU_Puppi_mass_eta_JEC_puppitune_8.root
hadd Source file 10: /nfs/dust/cms/user/zoiirene/UpgradeStudiesGtoWW/Phase2Official/Output/workdir_QCD_mass_P2/uhh2.AnalysisModuleRunner.MC.QCD_noPU_Puppi_mass_eta_JEC_puppitune_9.root
hadd Source file 11: /nfs/dust/cms/user/zoiirene/UpgradeStudiesGtoWW/Phase2Official/Output/workdir_QCD_mass_P2/uhh2.AnalysisModuleRunner.MC.QCD_noPU_Puppi_mass_eta_JEC_puppitune_10.root
hadd Source file 12: /nfs/dust/cms/user/zoiirene/UpgradeStudiesGtoWW/Phase2Official/Output/workdir_QCD_mass_P2/uhh2.AnalysisModuleRunner.MC.QCD_noPU_Puppi_mass_eta_JEC_puppitune_11.root
hadd Source file 13: /nfs/dust/cms/user/zoiirene/UpgradeStudiesGtoWW/Phase2Official/Output/workdir_QCD_mass_P2/uhh2.AnalysisModuleRunner.MC.QCD_noPU_Puppi_mass_eta_JEC_puppitune_12.root
hadd Source file 14: /nfs/dust/cms/user/zoiirene/UpgradeStudiesGtoWW/Phase2Official/Output/workdir_QCD_mass_P2/uhh2.AnalysisModuleRunner.MC.QCD_noPU_Puppi_mass_eta_JEC_puppitune_13.root
hadd Source file 15: /nfs/dust/cms/user/zoiirene/UpgradeStudiesGtoWW/Phase2Official/Output/workdir_QCD_mass_P2/uhh2.AnalysisModuleRunner.MC.QCD_noPU_Puppi_mass_eta_JEC_puppitune_14.root
hadd Source file 16: /nfs/dust/cms/user/zoiirene/UpgradeStudiesGtoWW/Phase2Official/Output/workdir_QCD_mass_P2/uhh2.AnalysisModuleRunner.MC.QCD_noPU_Puppi_mass_eta_JEC_puppitune_15.root
hadd Source file 17: /nfs/dust/cms/user/zoiirene/UpgradeStudiesGtoWW/Phase2Official/Output/workdir_QCD_mass_P2/uhh2.AnalysisModuleRunner.MC.QCD_noPU_Puppi_mass_eta_JEC_puppitune_16.root
hadd Source file 18: /nfs/dust/cms/user/zoiirene/UpgradeStudiesGtoWW/Phase2Official/Output/workdir_QCD_mass_P2/uhh2.AnalysisModuleRunner.MC.QCD_noPU_Puppi_mass_eta_JEC_puppitune_17.root
hadd Source file 19: /nfs/dust/cms/user/zoiirene/UpgradeStudiesGtoWW/Phase2Official/Output/workdir_QCD_mass_P2/uhh2.AnalysisModuleRunner.MC.QCD_noPU_Puppi_mass_eta_JEC_puppitune_18.root
hadd Source file 20: /nfs/dust/cms/user/zoiirene/UpgradeStudiesGtoWW/Phase2Official/Output/workdir_QCD_mass_P2/uhh2.AnalysisModuleRunner.MC.QCD_noPU_Puppi_mass_eta_JEC_puppitune_19.root
hadd Source file 21: /nfs/dust/cms/user/zoiirene/UpgradeStudiesGtoWW/Phase2Official/Output/workdir_QCD_mass_P2/uhh2.AnalysisModuleRunner.MC.QCD_noPU_Puppi_mass_eta_JEC_puppitune_20.root
hadd Source file 22: /nfs/dust/cms/user/zoiirene/UpgradeStudiesGtoWW/Phase2Official/Output/workdir_QCD_mass_P2/uhh2.AnalysisModuleRunner.MC.QCD_noPU_Puppi_mass_eta_JEC_puppitune_21.root
hadd Source file 23: /nfs/dust/cms/user/zoiirene/UpgradeStudiesGtoWW/Phase2Official/Output/workdir_QCD_mass_P2/uhh2.AnalysisModuleRunner.MC.QCD_noPU_Puppi_mass_eta_JEC_puppitune_22.root
hadd Source file 24: /nfs/dust/cms/user/zoiirene/UpgradeStudiesGtoWW/Phase2Official/Output/workdir_QCD_mass_P2/uhh2.AnalysisModuleRunner.MC.QCD_noPU_Puppi_mass_eta_JEC_puppitune_23.root
hadd Source file 25: /nfs/dust/cms/user/zoiirene/UpgradeStudiesGtoWW/Phase2Official/Output/workdir_QCD_mass_P2/uhh2.AnalysisModuleRunner.MC.QCD_noPU_Puppi_mass_eta_JEC_puppitune_24.root
hadd Source file 26: /nfs/dust/cms/user/zoiirene/UpgradeStudiesGtoWW/Phase2Official/Output/workdir_QCD_mass_P2/uhh2.AnalysisModuleRunner.MC.QCD_noPU_Puppi_mass_eta_JEC_puppitune_25.root
hadd Source file 27: /nfs/dust/cms/user/zoiirene/UpgradeStudiesGtoWW/Phase2Official/Output/workdir_QCD_mass_P2/uhh2.AnalysisModuleRunner.MC.QCD_noPU_Puppi_mass_eta_JEC_puppitune_26.root
hadd Source file 28: /nfs/dust/cms/user/zoiirene/UpgradeStudiesGtoWW/Phase2Official/Output/workdir_QCD_mass_P2/uhh2.AnalysisModuleRunner.MC.QCD_noPU_Puppi_mass_eta_JEC_puppitune_27.root
hadd Source file 29: /nfs/dust/cms/user/zoiirene/UpgradeStudiesGtoWW/Phase2Official/Output/workdir_QCD_mass_P2/uhh2.AnalysisModuleRunner.MC.QCD_noPU_Puppi_mass_eta_JEC_puppitune_28.root
hadd Source file 30: /nfs/dust/cms/user/zoiirene/UpgradeStudiesGtoWW/Phase2Official/Output/workdir_QCD_mass_P2/uhh2.AnalysisModuleRunner.MC.QCD_noPU_Puppi_mass_eta_JEC_puppitune_29.root
hadd Source file 31: /nfs/dust/cms/user/zoiirene/UpgradeStudiesGtoWW/Phase2Official/Output/workdir_QCD_mass_P2/uhh2.AnalysisModuleRunner.MC.QCD_noPU_Puppi_mass_eta_JEC_puppitune_30.root
hadd Source file 32: /nfs/dust/cms/user/zoiirene/UpgradeStudiesGtoWW/Phase2Official/Output/workdir_QCD_mass_P2/uhh2.AnalysisModuleRunner.MC.QCD_noPU_Puppi_mass_eta_JEC_puppitune_31.root
hadd Source file 33: /nfs/dust/cms/user/zoiirene/UpgradeStudiesGtoWW/Phase2Official/Output/workdir_QCD_mass_P2/uhh2.AnalysisModuleRunner.MC.QCD_noPU_Puppi_mass_eta_JEC_puppitune_32.root
hadd Source file 34: /nfs/dust/cms/user/zoiirene/UpgradeStudiesGtoWW/Phase2Official/Output/workdir_QCD_mass_P2/uhh2.AnalysisModuleRunner.MC.QCD_noPU_Puppi_mass_eta_JEC_puppitune_33.root
hadd Source file 35: /nfs/dust/cms/user/zoiirene/UpgradeStudiesGtoWW/Phase2Official/Output/workdir_QCD_mass_P2/uhh2.AnalysisModuleRunner.MC.QCD_noPU_Puppi_mass_eta_JEC_puppitune_34.root
hadd Source file 36: /nfs/dust/cms/user/zoiirene/UpgradeStudiesGtoWW/Phase2Official/Output/workdir_QCD_mass_P2/uhh2.AnalysisModuleRunner.MC.QCD_noPU_Puppi_mass_eta_JEC_puppitune_35.root
hadd Source file 37: /nfs/dust/cms/user/zoiirene/UpgradeStudiesGtoWW/Phase2Official/Output/workdir_QCD_mass_P2/uhh2.AnalysisModuleRunner.MC.QCD_noPU_Puppi_mass_eta_JEC_puppitune_36.root
hadd Source file 38: /nfs/dust/cms/user/zoiirene/UpgradeStudiesGtoWW/Phase2Official/Output/workdir_QCD_mass_P2/uhh2.AnalysisModuleRunner.MC.QCD_noPU_Puppi_mass_eta_JEC_puppitune_37.root
hadd Source file 39: /nfs/dust/cms/user/zoiirene/UpgradeStudiesGtoWW/Phase2Official/Output/workdir_QCD_mass_P2/uhh2.AnalysisModuleRunner.MC.QCD_noPU_Puppi_mass_eta_JEC_puppitune_38.root
hadd Source file 40: /nfs/dust/cms/user/zoiirene/UpgradeStudiesGtoWW/Phase2Official/Output/workdir_QCD_mass_P2/uhh2.AnalysisModuleRunner.MC.QCD_noPU_Puppi_mass_eta_JEC_puppitune_39.root
hadd Target path: /nfs/dust/cms/user/zoiirene/UpgradeStudiesGtoWW/Phase2Official/Output/uhh2.AnalysisModuleRunner.MC.QCD_noPU_Puppi_mass_eta_JEC_puppitune.root:/
hadd Target path: /nfs/dust/cms/user/zoiirene/UpgradeStudiesGtoWW/Phase2Official/Output/uhh2.AnalysisModuleRunner.MC.QCD_noPU_Puppi_mass_eta_JEC_puppitune.root:/SFrame
hadd Target path: /nfs/dust/cms/user/zoiirene/UpgradeStudiesGtoWW/Phase2Official/Output/uhh2.AnalysisModuleRunner.MC.QCD_noPU_Puppi_mass_eta_JEC_puppitune.root:/start_ak8
hadd Target path: /nfs/dust/cms/user/zoiirene/UpgradeStudiesGtoWW/Phase2Official/Output/uhh2.AnalysisModuleRunner.MC.QCD_noPU_Puppi_mass_eta_JEC_puppitune.root:/Qstar
hadd Target path: /nfs/dust/cms/user/zoiirene/UpgradeStudiesGtoWW/Phase2Official/Output/uhh2.AnalysisModuleRunner.MC.QCD_noPU_Puppi_mass_eta_JEC_puppitune.root:/Qstar_barrel
hadd Target path: /nfs/dust/cms/user/zoiirene/UpgradeStudiesGtoWW/Phase2Official/Output/uhh2.AnalysisModuleRunner.MC.QCD_noPU_Puppi_mass_eta_JEC_puppitune.root:/Qstar_endcap
hadd Target path: /nfs/dust/cms/user/zoiirene/UpgradeStudiesGtoWW/Phase2Official/Output/uhh2.AnalysisModuleRunner.MC.QCD_noPU_Puppi_mass_eta_JEC_puppitune.root:/qcd_lowPt
hadd Target path: /nfs/dust/cms/user/zoiirene/UpgradeStudiesGtoWW/Phase2Official/Output/uhh2.AnalysisModuleRunner.MC.QCD_noPU_Puppi_mass_eta_JEC_puppitune.root:/qcd_lowPt_barrel
hadd Target path: /nfs/dust/cms/user/zoiirene/UpgradeStudiesGtoWW/Phase2Official/Output/uhh2.AnalysisModuleRunner.MC.QCD_noPU_Puppi_mass_eta_JEC_puppitune.root:/qcd_lowPt_endcap
hadd Target path: /nfs/dust/cms/user/zoiirene/UpgradeStudiesGtoWW/Phase2Official/Output/uhh2.AnalysisModuleRunner.MC.QCD_noPU_Puppi_mass_eta_JEC_puppitune.root:/qcd_mediumPt
hadd Target path: /nfs/dust/cms/user/zoiirene/UpgradeStudiesGtoWW/Phase2Official/Output/uhh2.AnalysisModuleRunner.MC.QCD_noPU_Puppi_mass_eta_JEC_puppitune.root:/qcd_mediumPt_barrel
hadd Target path: /nfs/dust/cms/user/zoiirene/UpgradeStudiesGtoWW/Phase2Official/Output/uhh2.AnalysisModuleRunner.MC.QCD_noPU_Puppi_mass_eta_JEC_puppitune.root:/qcd_mediumPt_endcap
hadd Target path: /nfs/dust/cms/user/zoiirene/UpgradeStudiesGtoWW/Phase2Official/Output/uhh2.AnalysisModuleRunner.MC.QCD_noPU_Puppi_mass_eta_JEC_puppitune.root:/qcd_highPt
hadd Target path: /nfs/dust/cms/user/zoiirene/UpgradeStudiesGtoWW/Phase2Official/Output/uhh2.AnalysisModuleRunner.MC.QCD_noPU_Puppi_mass_eta_JEC_puppitune.root:/qcd_highPt_barrel
hadd Target path: /nfs/dust/cms/user/zoiirene/UpgradeStudiesGtoWW/Phase2Official/Output/uhh2.AnalysisModuleRunner.MC.QCD_noPU_Puppi_mass_eta_JEC_puppitune.root:/qcd_highPt_endcap
hadd Target path: /nfs/dust/cms/user/zoiirene/UpgradeStudiesGtoWW/Phase2Official/Output/uhh2.AnalysisModuleRunner.MC.QCD_noPU_Puppi_mass_eta_JEC_puppitune.root:/qcd_minPt
hadd Target path: /nfs/dust/cms/user/zoiirene/UpgradeStudiesGtoWW/Phase2Official/Output/uhh2.AnalysisModuleRunner.MC.QCD_noPU_Puppi_mass_eta_JEC_puppitune.root:/qcd_minPt_barrel
hadd Target path: /nfs/dust/cms/user/zoiirene/UpgradeStudiesGtoWW/Phase2Official/Output/uhh2.AnalysisModuleRunner.MC.QCD_noPU_Puppi_mass_eta_JEC_puppitune.root:/qcd_minPt_endcap
hadd Target path: /nfs/dust/cms/user/zoiirene/UpgradeStudiesGtoWW/Phase2Official/Output/uhh2.AnalysisModuleRunner.MC.QCD_noPU_Puppi_mass_eta_JEC_puppitune.root:/qcd_medPt
hadd Target path: /nfs/dust/cms/user/zoiirene/UpgradeStudiesGtoWW/Phase2Official/Output/uhh2.AnalysisModuleRunner.MC.QCD_noPU_Puppi_mass_eta_JEC_puppitune.root:/qcd_medPt_barrel
hadd Target path: /nfs/dust/cms/user/zoiirene/UpgradeStudiesGtoWW/Phase2Official/Output/uhh2.AnalysisModuleRunner.MC.QCD_noPU_Puppi_mass_eta_JEC_puppitune.root:/qcd_medPt_endcap
hadd Target path: /nfs/dust/cms/user/zoiirene/UpgradeStudiesGtoWW/Phase2Official/Output/uhh2.AnalysisModuleRunner.MC.QCD_noPU_Puppi_mass_eta_JEC_puppitune.root:/qcd_maxPt
hadd Target path: /nfs/dust/cms/user/zoiirene/UpgradeStudiesGtoWW/Phase2Official/Output/uhh2.AnalysisModuleRunner.MC.QCD_noPU_Puppi_mass_eta_JEC_puppitune.root:/qcd_maxPt_barrel
hadd Target path: /nfs/dust/cms/user/zoiirene/UpgradeStudiesGtoWW/Phase2Official/Output/uhh2.AnalysisModuleRunner.MC.QCD_noPU_Puppi_mass_eta_JEC_puppitune.root:/qcd_maxPt_endcap
hadd Target path: /nfs/dust/cms/user/zoiirene/UpgradeStudiesGtoWW/Phase2Official/Output/uhh2.AnalysisModuleRunner.MC.QCD_noPU_Puppi_mass_eta_JEC_puppitune.root:/slimmedGenJet_nocuts
hadd Target path: /nfs/dust/cms/user/zoiirene/UpgradeStudiesGtoWW/Phase2Official/Output/uhh2.AnalysisModuleRunner.MC.QCD_noPU_Puppi_mass_eta_JEC_puppitune.root:/slimmedJet_nocuts
hadd Target path: /nfs/dust/cms/user/zoiirene/UpgradeStudiesGtoWW/Phase2Official/Output/uhh2.AnalysisModuleRunner.MC.QCD_noPU_Puppi_mass_eta_JEC_puppitune.root:/slimmedJetAK8_SoftDrop_nocuts
hadd Target path: /nfs/dust/cms/user/zoiirene/UpgradeStudiesGtoWW/Phase2Official/Output/uhh2.AnalysisModuleRunner.MC.QCD_noPU_Puppi_mass_eta_JEC_puppitune.root:/slimmedJetAK8_SoftDrop_ptLow
hadd Target path: /nfs/dust/cms/user/zoiirene/UpgradeStudiesGtoWW/Phase2Official/Output/uhh2.AnalysisModuleRunner.MC.QCD_noPU_Puppi_mass_eta_JEC_puppitune.root:/slimmedJetAK8_SoftDrop_ptMedium
hadd Target path: /nfs/dust/cms/user/zoiirene/UpgradeStudiesGtoWW/Phase2Official/Output/uhh2.AnalysisModuleRunner.MC.QCD_noPU_Puppi_mass_eta_JEC_puppitune.root:/slimmedJetAK8_SoftDrop_ptHigh
hadd Target path: /nfs/dust/cms/user/zoiirene/UpgradeStudiesGtoWW/Phase2Official/Output/uhh2.AnalysisModuleRunner.MC.QCD_noPU_Puppi_mass_eta_JEC_puppitune.root:/slimmedJetAK8_SoftDrop_ptLow_Barrel
hadd Target path: /nfs/dust/cms/user/zoiirene/UpgradeStudiesGtoWW/Phase2Official/Output/uhh2.AnalysisModuleRunner.MC.QCD_noPU_Puppi_mass_eta_JEC_puppitune.root:/slimmedJetAK8_SoftDrop_ptMedium_Barrel
hadd Target path: /nfs/dust/cms/user/zoiirene/UpgradeStudiesGtoWW/Phase2Official/Output/uhh2.AnalysisModuleRunner.MC.QCD_noPU_Puppi_mass_eta_JEC_puppitune.root:/slimmedJetAK8_SoftDrop_ptHigh_Barrel
hadd Target path: /nfs/dust/cms/user/zoiirene/UpgradeStudiesGtoWW/Phase2Official/Output/uhh2.AnalysisModuleRunner.MC.QCD_noPU_Puppi_mass_eta_JEC_puppitune.root:/slimmedJetAK8_SoftDrop_ptLow_Endcap
hadd Target path: /nfs/dust/cms/user/zoiirene/UpgradeStudiesGtoWW/Phase2Official/Output/uhh2.AnalysisModuleRunner.MC.QCD_noPU_Puppi_mass_eta_JEC_puppitune.root:/slimmedJetAK8_SoftDrop_ptMedium_Endcap
hadd Target path: /nfs/dust/cms/user/zoiirene/UpgradeStudiesGtoWW/Phase2Official/Output/uhh2.AnalysisModuleRunner.MC.QCD_noPU_Puppi_mass_eta_JEC_puppitune.root:/slimmedJetAK8_SoftDrop_ptHigh_Endcap
hadd Target path: /nfs/dust/cms/user/zoiirene/UpgradeStudiesGtoWW/Phase2Official/Output/uhh2.AnalysisModuleRunner.MC.QCD_noPU_Puppi_mass_eta_JEC_puppitune.root:/slimmedJetAK8_SoftDrop_SDmass
hadd Target path: /nfs/dust/cms/user/zoiirene/UpgradeStudiesGtoWW/Phase2Official/Output/uhh2.AnalysisModuleRunner.MC.QCD_noPU_Puppi_mass_eta_JEC_puppitune.root:/GenJetAK8_SoftDrop_nocuts
